2025-11-14 20:20:06 [main] INFO  c.prueba.cuentas.CuentasApplication - Starting CuentasApplication using Java 21.0.9 with PID 19992 (D:\workspace_spring\cuentas\target\classes started by andre in D:\workspace_spring\cuentas)
2025-11-14 20:20:06 [main] INFO  c.prueba.cuentas.CuentasApplication - No active profile set, falling back to 1 default profile: "default"
2025-11-14 20:20:08 [main] INFO  o.s.d.r.c.RepositoryConfigurationDelegate - Bootstrapping Spring Data JPA repositories in DEFAULT mode.
2025-11-14 20:20:08 [main] INFO  o.s.d.r.c.RepositoryConfigurationDelegate - Finished Spring Data repository scanning in 60 ms. Found 2 JPA repository interfaces.
2025-11-14 20:20:09 [main] INFO  o.s.b.w.e.tomcat.TomcatWebServer - Tomcat initialized with port 8082 (http)
2025-11-14 20:20:09 [main] INFO  o.a.catalina.core.StandardService - Starting service [Tomcat]
2025-11-14 20:20:09 [main] INFO  o.a.catalina.core.StandardEngine - Starting Servlet engine: [Apache Tomcat/10.1.48]
2025-11-14 20:20:09 [main] INFO  o.a.c.c.C.[Tomcat].[localhost].[/] - Initializing Spring embedded WebApplicationContext
2025-11-14 20:20:09 [main] INFO  o.s.b.w.s.c.ServletWebServerApplicationContext - Root WebApplicationContext: initialization completed in 2436 ms
2025-11-14 20:20:09 [main] INFO  o.h.jpa.internal.util.LogHelper - HHH000204: Processing PersistenceUnitInfo [name: default]
2025-11-14 20:20:09 [main] INFO  org.hibernate.Version - HHH000412: Hibernate ORM core version 6.6.33.Final
2025-11-14 20:20:09 [main] INFO  o.h.c.i.RegionFactoryInitiator - HHH000026: Second-level cache disabled
2025-11-14 20:20:10 [main] INFO  o.s.o.j.p.SpringPersistenceUnitInfo - No LoadTimeWeaver setup: ignoring JPA class transformer
2025-11-14 20:20:10 [main] INFO  com.zaxxer.hikari.HikariDataSource - HikariPool-1 - Starting...
2025-11-14 20:20:10 [main] INFO  com.zaxxer.hikari.pool.HikariPool - HikariPool-1 - Added connection org.postgresql.jdbc.PgConnection@79445efb
2025-11-14 20:20:10 [main] INFO  com.zaxxer.hikari.HikariDataSource - HikariPool-1 - Start completed.
2025-11-14 20:20:10 [main] WARN  org.hibernate.orm.deprecation - HHH90000025: PostgreSQLDialect does not need to be specified explicitly using 'hibernate.dialect' (remove the property setting and it will be selected by default)
2025-11-14 20:20:10 [main] INFO  o.hibernate.orm.connections.pooling - HHH10001005: Database info:
	Database JDBC URL [Connecting through datasource 'HikariDataSource (HikariPool-1)']
	Database driver: undefined/unknown
	Database version: 15.7
	Autocommit mode: undefined/unknown
	Isolation level: undefined/unknown
	Minimum pool size: undefined/unknown
	Maximum pool size: undefined/unknown
2025-11-14 20:20:11 [main] INFO  o.h.e.t.j.p.i.JtaPlatformInitiator - HHH000489: No JTA platform available (set 'hibernate.transaction.jta.platform' to enable JTA platform integration)
2025-11-14 20:20:12 [main] DEBUG org.hibernate.SQL - 
    create table cuenta (
        id bigint generated by default as identity,
        cliente_id varchar(50) not null,
        cliente_nombre varchar(100),
        estado boolean not null,
        numero_cuenta varchar(20) not null,
        saldo_actual numeric(15,2) not null,
        saldo_inicial numeric(15,2) not null,
        tipo_cuenta varchar(20) not null,
        primary key (id)
    )
2025-11-14 20:20:12 [main] DEBUG org.hibernate.SQL - 
    create table movimientos (
        id bigint generated by default as identity,
        fecha timestamp(6),
        saldo numeric(15,2) not null,
        tipo varchar(20) not null,
        valor numeric(15,2) not null,
        numero_cuenta bigint,
        primary key (id)
    )
2025-11-14 20:20:12 [main] DEBUG org.hibernate.SQL - 
    alter table if exists cuenta 
       drop constraint if exists UKpj7ncg765kt4klndu25bwbwe4
2025-11-14 20:20:12 [main] WARN  o.h.e.jdbc.spi.SqlExceptionHelper - SQL Warning Code: 0, SQLState: 00000
2025-11-14 20:20:12 [main] WARN  o.h.e.jdbc.spi.SqlExceptionHelper - no existe la restricción «ukpj7ncg765kt4klndu25bwbwe4» en la relación «cuenta», omitiendo
2025-11-14 20:20:12 [main] DEBUG org.hibernate.SQL - 
    alter table if exists cuenta 
       add constraint UKpj7ncg765kt4klndu25bwbwe4 unique (numero_cuenta)
2025-11-14 20:20:12 [main] DEBUG org.hibernate.SQL - 
    alter table if exists movimientos 
       add constraint FK59bi0ceexg6vlqvf39bblnj52 
       foreign key (numero_cuenta) 
       references cuenta
2025-11-14 20:20:12 [main] INFO  o.s.o.j.LocalContainerEntityManagerFactoryBean - Initialized JPA EntityManagerFactory for persistence unit 'default'
2025-11-14 20:20:12 [main] INFO  o.s.d.j.r.query.QueryEnhancerFactory - Hibernate is in classpath; If applicable, HQL parser will be used.
2025-11-14 20:20:13 [main] WARN  o.s.b.a.o.j.JpaBaseConfiguration$JpaWebConfiguration - spring.jpa.open-in-view is enabled by default. Therefore, database queries may be performed during view rendering. Explicitly configure spring.jpa.open-in-view to disable this warning
2025-11-14 20:20:14 [main] INFO  o.s.b.w.e.tomcat.TomcatWebServer - Tomcat started on port 8082 (http) with context path '/'
2025-11-14 20:20:14 [main] INFO  c.prueba.cuentas.CuentasApplication - Started CuentasApplication in 8.132 seconds (process running for 9.593)
2025-11-14 20:22:12 [http-nio-8082-exec-3] INFO  o.a.c.c.C.[Tomcat].[localhost].[/] - Initializing Spring DispatcherServlet 'dispatcherServlet'
2025-11-14 20:22:12 [http-nio-8082-exec-3] INFO  o.s.web.servlet.DispatcherServlet - Initializing Servlet 'dispatcherServlet'
2025-11-14 20:22:12 [http-nio-8082-exec-3] INFO  o.s.web.servlet.DispatcherServlet - Completed initialization in 1 ms
2025-11-14 20:22:12 [http-nio-8082-exec-3] WARN  c.p.c.e.CuentasExceptionHandler - uri=/api/cuentas;client=0:0:0:0:0:0:0:1
2025-11-14 20:22:12 [http-nio-8082-exec-3] ERROR c.p.c.e.CuentasExceptionHandler - Validation failed for argument [0] in public org.springframework.http.ResponseEntity<com.prueba.cuentas.dto.response.MessageResponseDto> com.prueba.cuentas.controller.CuentaController.crearCuenta(com.prueba.cuentas.dto.request.CuentaRequestDto) with 2 errors: [Field error in object 'cuentaRequestDto' on field 'tipoCuenta': rejected value [ahorro]; codes [Pattern.cuentaRequestDto.tipoCuenta,Pattern.tipoCuenta,Pattern.java.lang.String,Pattern]; arguments [org.springframework.context.support.DefaultMessageSourceResolvable: codes [cuentaRequestDto.tipoCuenta,tipoCuenta]; arguments []; default message [tipoCuenta],[Ljakarta.validation.constraints.Pattern$Flag;@12ef5ed2,^(Ahorro|Corriente|Ahorros)$]; default message [Tipo de cuenta debe ser: Ahorro, Ahorros o Corriente]] [Field error in object 'cuentaRequestDto' on field 'identifacion': rejected value [null]; codes [NotBlank.cuentaRequestDto.identifacion,NotBlank.identifacion,NotBlank.java.lang.String,NotBlank]; arguments [org.springframework.context.support.DefaultMessageSourceResolvable: codes [cuentaRequestDto.identifacion,identifacion]; arguments []; default message [identifacion]]; default message [El numero de identifiacion es obligatorio]] 
2025-11-14 20:22:28 [http-nio-8082-exec-2] WARN  c.p.c.e.CuentasExceptionHandler - uri=/api/cuentas;client=0:0:0:0:0:0:0:1
2025-11-14 20:22:28 [http-nio-8082-exec-2] ERROR c.p.c.e.CuentasExceptionHandler - Validation failed for argument [0] in public org.springframework.http.ResponseEntity<com.prueba.cuentas.dto.response.MessageResponseDto> com.prueba.cuentas.controller.CuentaController.crearCuenta(com.prueba.cuentas.dto.request.CuentaRequestDto): [Field error in object 'cuentaRequestDto' on field 'identifacion': rejected value [null]; codes [NotBlank.cuentaRequestDto.identifacion,NotBlank.identifacion,NotBlank.java.lang.String,NotBlank]; arguments [org.springframework.context.support.DefaultMessageSourceResolvable: codes [cuentaRequestDto.identifacion,identifacion]; arguments []; default message [identifacion]]; default message [El numero de identifiacion es obligatorio]] 
2025-11-14 20:22:52 [SpringApplicationShutdownHook] INFO  o.s.b.w.e.tomcat.GracefulShutdown - Commencing graceful shutdown. Waiting for active requests to complete
2025-11-14 20:22:52 [tomcat-shutdown] INFO  o.s.b.w.e.tomcat.GracefulShutdown - Graceful shutdown complete
2025-11-14 20:22:52 [SpringApplicationShutdownHook] INFO  o.s.o.j.LocalContainerEntityManagerFactoryBean - Closing JPA EntityManagerFactory for persistence unit 'default'
2025-11-14 20:22:52 [SpringApplicationShutdownHook] INFO  com.zaxxer.hikari.HikariDataSource - HikariPool-1 - Shutdown initiated...
2025-11-14 20:22:52 [SpringApplicationShutdownHook] INFO  com.zaxxer.hikari.HikariDataSource - HikariPool-1 - Shutdown completed.
2025-11-14 20:22:57 [main] INFO  c.prueba.cuentas.CuentasApplication - Starting CuentasApplication using Java 21.0.9 with PID 17316 (D:\workspace_spring\cuentas\target\classes started by andre in D:\workspace_spring\cuentas)
2025-11-14 20:22:57 [main] INFO  c.prueba.cuentas.CuentasApplication - No active profile set, falling back to 1 default profile: "default"
2025-11-14 20:22:58 [main] INFO  o.s.d.r.c.RepositoryConfigurationDelegate - Bootstrapping Spring Data JPA repositories in DEFAULT mode.
2025-11-14 20:22:58 [main] INFO  o.s.d.r.c.RepositoryConfigurationDelegate - Finished Spring Data repository scanning in 63 ms. Found 2 JPA repository interfaces.
2025-11-14 20:22:59 [main] INFO  o.s.b.w.e.tomcat.TomcatWebServer - Tomcat initialized with port 8082 (http)
2025-11-14 20:22:59 [main] INFO  o.a.catalina.core.StandardService - Starting service [Tomcat]
2025-11-14 20:22:59 [main] INFO  o.a.catalina.core.StandardEngine - Starting Servlet engine: [Apache Tomcat/10.1.48]
2025-11-14 20:22:59 [main] INFO  o.a.c.c.C.[Tomcat].[localhost].[/] - Initializing Spring embedded WebApplicationContext
2025-11-14 20:22:59 [main] INFO  o.s.b.w.s.c.ServletWebServerApplicationContext - Root WebApplicationContext: initialization completed in 1575 ms
2025-11-14 20:22:59 [main] INFO  o.h.jpa.internal.util.LogHelper - HHH000204: Processing PersistenceUnitInfo [name: default]
2025-11-14 20:22:59 [main] INFO  org.hibernate.Version - HHH000412: Hibernate ORM core version 6.6.33.Final
2025-11-14 20:22:59 [main] INFO  o.h.c.i.RegionFactoryInitiator - HHH000026: Second-level cache disabled
2025-11-14 20:23:00 [main] INFO  o.s.o.j.p.SpringPersistenceUnitInfo - No LoadTimeWeaver setup: ignoring JPA class transformer
2025-11-14 20:23:00 [main] INFO  com.zaxxer.hikari.HikariDataSource - HikariPool-1 - Starting...
2025-11-14 20:23:00 [main] INFO  com.zaxxer.hikari.pool.HikariPool - HikariPool-1 - Added connection org.postgresql.jdbc.PgConnection@2295566b
2025-11-14 20:23:00 [main] INFO  com.zaxxer.hikari.HikariDataSource - HikariPool-1 - Start completed.
2025-11-14 20:23:00 [main] WARN  org.hibernate.orm.deprecation - HHH90000025: PostgreSQLDialect does not need to be specified explicitly using 'hibernate.dialect' (remove the property setting and it will be selected by default)
2025-11-14 20:23:00 [main] INFO  o.hibernate.orm.connections.pooling - HHH10001005: Database info:
	Database JDBC URL [Connecting through datasource 'HikariDataSource (HikariPool-1)']
	Database driver: undefined/unknown
	Database version: 15.7
	Autocommit mode: undefined/unknown
	Isolation level: undefined/unknown
	Minimum pool size: undefined/unknown
	Maximum pool size: undefined/unknown
2025-11-14 20:23:01 [main] INFO  o.h.e.t.j.p.i.JtaPlatformInitiator - HHH000489: No JTA platform available (set 'hibernate.transaction.jta.platform' to enable JTA platform integration)
2025-11-14 20:23:01 [main] INFO  o.s.o.j.LocalContainerEntityManagerFactoryBean - Initialized JPA EntityManagerFactory for persistence unit 'default'
2025-11-14 20:23:01 [main] INFO  o.s.d.j.r.query.QueryEnhancerFactory - Hibernate is in classpath; If applicable, HQL parser will be used.
2025-11-14 20:23:02 [main] WARN  o.s.b.a.o.j.JpaBaseConfiguration$JpaWebConfiguration - spring.jpa.open-in-view is enabled by default. Therefore, database queries may be performed during view rendering. Explicitly configure spring.jpa.open-in-view to disable this warning
2025-11-14 20:23:03 [main] INFO  o.s.b.w.e.tomcat.TomcatWebServer - Tomcat started on port 8082 (http) with context path '/'
2025-11-14 20:23:03 [main] INFO  c.prueba.cuentas.CuentasApplication - Started CuentasApplication in 6.192 seconds (process running for 7.731)
2025-11-14 20:23:16 [http-nio-8082-exec-1] INFO  o.a.c.c.C.[Tomcat].[localhost].[/] - Initializing Spring DispatcherServlet 'dispatcherServlet'
2025-11-14 20:23:16 [http-nio-8082-exec-1] INFO  o.s.web.servlet.DispatcherServlet - Initializing Servlet 'dispatcherServlet'
2025-11-14 20:23:16 [http-nio-8082-exec-1] INFO  o.s.web.servlet.DispatcherServlet - Completed initialization in 1 ms
2025-11-14 20:23:17 [http-nio-8082-exec-1] WARN  c.p.c.e.CuentasExceptionHandler - uri=/api/cuentas;client=0:0:0:0:0:0:0:1
2025-11-14 20:23:17 [http-nio-8082-exec-1] ERROR c.p.c.e.CuentasExceptionHandler - Validation failed for argument [0] in public org.springframework.http.ResponseEntity<com.prueba.cuentas.dto.response.MessageResponseDto> com.prueba.cuentas.controller.CuentaController.crearCuenta(com.prueba.cuentas.dto.request.CuentaRequestDto): [Field error in object 'cuentaRequestDto' on field 'identifacion': rejected value [null]; codes [NotBlank.cuentaRequestDto.identifacion,NotBlank.identifacion,NotBlank.java.lang.String,NotBlank]; arguments [org.springframework.context.support.DefaultMessageSourceResolvable: codes [cuentaRequestDto.identifacion,identifacion]; arguments []; default message [identifacion]]; default message [El numero de identifiacion es obligatorio]] 
2025-11-14 20:25:35 [http-nio-8082-exec-5] WARN  c.p.c.e.CuentasExceptionHandler - uri=/api/cuentas;client=0:0:0:0:0:0:0:1
2025-11-14 20:25:35 [http-nio-8082-exec-5] ERROR c.p.c.e.CuentasExceptionHandler - Validation failed for argument [0] in public org.springframework.http.ResponseEntity<com.prueba.cuentas.dto.response.MessageResponseDto> com.prueba.cuentas.controller.CuentaController.crearCuenta(com.prueba.cuentas.dto.request.CuentaRequestDto): [Field error in object 'cuentaRequestDto' on field 'identifacion': rejected value [null]; codes [NotBlank.cuentaRequestDto.identifacion,NotBlank.identifacion,NotBlank.java.lang.String,NotBlank]; arguments [org.springframework.context.support.DefaultMessageSourceResolvable: codes [cuentaRequestDto.identifacion,identifacion]; arguments []; default message [identifacion]]; default message [El numero de identifiacion es obligatorio]] 
2025-11-14 20:25:58 [SpringApplicationShutdownHook] INFO  o.s.b.w.e.tomcat.GracefulShutdown - Commencing graceful shutdown. Waiting for active requests to complete
2025-11-14 20:25:58 [tomcat-shutdown] INFO  o.s.b.w.e.tomcat.GracefulShutdown - Graceful shutdown complete
2025-11-14 20:25:58 [SpringApplicationShutdownHook] INFO  o.s.o.j.LocalContainerEntityManagerFactoryBean - Closing JPA EntityManagerFactory for persistence unit 'default'
2025-11-14 20:25:58 [SpringApplicationShutdownHook] INFO  com.zaxxer.hikari.HikariDataSource - HikariPool-1 - Shutdown initiated...
2025-11-14 20:25:58 [SpringApplicationShutdownHook] INFO  com.zaxxer.hikari.HikariDataSource - HikariPool-1 - Shutdown completed.
2025-11-14 20:26:33 [main] INFO  c.prueba.cuentas.CuentasApplication - Starting CuentasApplication using Java 21.0.9 with PID 13788 (D:\workspace_spring\cuentas\target\classes started by andre in D:\workspace_spring\cuentas)
2025-11-14 20:26:33 [main] INFO  c.prueba.cuentas.CuentasApplication - No active profile set, falling back to 1 default profile: "default"
2025-11-14 20:26:34 [main] INFO  o.s.d.r.c.RepositoryConfigurationDelegate - Bootstrapping Spring Data JPA repositories in DEFAULT mode.
2025-11-14 20:26:34 [main] INFO  o.s.d.r.c.RepositoryConfigurationDelegate - Finished Spring Data repository scanning in 58 ms. Found 2 JPA repository interfaces.
2025-11-14 20:26:34 [main] INFO  o.s.b.w.e.tomcat.TomcatWebServer - Tomcat initialized with port 8082 (http)
2025-11-14 20:26:34 [main] INFO  o.a.catalina.core.StandardService - Starting service [Tomcat]
2025-11-14 20:26:34 [main] INFO  o.a.catalina.core.StandardEngine - Starting Servlet engine: [Apache Tomcat/10.1.48]
2025-11-14 20:26:34 [main] INFO  o.a.c.c.C.[Tomcat].[localhost].[/] - Initializing Spring embedded WebApplicationContext
2025-11-14 20:26:34 [main] INFO  o.s.b.w.s.c.ServletWebServerApplicationContext - Root WebApplicationContext: initialization completed in 1583 ms
2025-11-14 20:26:35 [main] INFO  o.h.jpa.internal.util.LogHelper - HHH000204: Processing PersistenceUnitInfo [name: default]
2025-11-14 20:26:35 [main] INFO  org.hibernate.Version - HHH000412: Hibernate ORM core version 6.6.33.Final
2025-11-14 20:26:35 [main] INFO  o.h.c.i.RegionFactoryInitiator - HHH000026: Second-level cache disabled
2025-11-14 20:26:35 [main] INFO  o.s.o.j.p.SpringPersistenceUnitInfo - No LoadTimeWeaver setup: ignoring JPA class transformer
2025-11-14 20:26:35 [main] INFO  com.zaxxer.hikari.HikariDataSource - HikariPool-1 - Starting...
2025-11-14 20:26:35 [main] INFO  com.zaxxer.hikari.pool.HikariPool - HikariPool-1 - Added connection org.postgresql.jdbc.PgConnection@570ed9c
2025-11-14 20:26:35 [main] INFO  com.zaxxer.hikari.HikariDataSource - HikariPool-1 - Start completed.
2025-11-14 20:26:35 [main] WARN  org.hibernate.orm.deprecation - HHH90000025: PostgreSQLDialect does not need to be specified explicitly using 'hibernate.dialect' (remove the property setting and it will be selected by default)
2025-11-14 20:26:35 [main] INFO  o.hibernate.orm.connections.pooling - HHH10001005: Database info:
	Database JDBC URL [Connecting through datasource 'HikariDataSource (HikariPool-1)']
	Database driver: undefined/unknown
	Database version: 15.7
	Autocommit mode: undefined/unknown
	Isolation level: undefined/unknown
	Minimum pool size: undefined/unknown
	Maximum pool size: undefined/unknown
2025-11-14 20:26:36 [main] INFO  o.h.e.t.j.p.i.JtaPlatformInitiator - HHH000489: No JTA platform available (set 'hibernate.transaction.jta.platform' to enable JTA platform integration)
2025-11-14 20:26:37 [main] INFO  o.s.o.j.LocalContainerEntityManagerFactoryBean - Initialized JPA EntityManagerFactory for persistence unit 'default'
2025-11-14 20:26:37 [main] INFO  o.s.d.j.r.query.QueryEnhancerFactory - Hibernate is in classpath; If applicable, HQL parser will be used.
2025-11-14 20:26:38 [main] WARN  o.s.b.a.o.j.JpaBaseConfiguration$JpaWebConfiguration - spring.jpa.open-in-view is enabled by default. Therefore, database queries may be performed during view rendering. Explicitly configure spring.jpa.open-in-view to disable this warning
2025-11-14 20:26:38 [main] INFO  o.s.b.w.e.tomcat.TomcatWebServer - Tomcat started on port 8082 (http) with context path '/'
2025-11-14 20:26:38 [main] INFO  c.prueba.cuentas.CuentasApplication - Started CuentasApplication in 6.219 seconds (process running for 7.468)
2025-11-14 20:26:55 [http-nio-8082-exec-2] INFO  o.a.c.c.C.[Tomcat].[localhost].[/] - Initializing Spring DispatcherServlet 'dispatcherServlet'
2025-11-14 20:26:55 [http-nio-8082-exec-2] INFO  o.s.web.servlet.DispatcherServlet - Initializing Servlet 'dispatcherServlet'
2025-11-14 20:26:55 [http-nio-8082-exec-2] INFO  o.s.web.servlet.DispatcherServlet - Completed initialization in 2 ms
2025-11-14 20:26:56 [http-nio-8082-exec-2] INFO  c.p.c.service.impl.CuentaServiceImpl - Creando nueva cuenta: 12345
2025-11-14 20:26:56 [http-nio-8082-exec-2] DEBUG org.hibernate.SQL - 
    /* <criteria> */ select
        ce1_0.id 
    from
        cuenta ce1_0 
    where
        ce1_0.numero_cuenta=? 
    fetch
        first ? rows only
2025-11-14 20:27:43 [SpringApplicationShutdownHook] INFO  o.s.b.w.e.tomcat.GracefulShutdown - Commencing graceful shutdown. Waiting for active requests to complete
2025-11-14 20:27:43 [tomcat-shutdown] INFO  o.s.b.w.e.tomcat.GracefulShutdown - Graceful shutdown complete
2025-11-14 20:27:43 [SpringApplicationShutdownHook] INFO  o.s.o.j.LocalContainerEntityManagerFactoryBean - Closing JPA EntityManagerFactory for persistence unit 'default'
2025-11-14 20:27:43 [SpringApplicationShutdownHook] INFO  com.zaxxer.hikari.HikariDataSource - HikariPool-1 - Shutdown initiated...
2025-11-14 20:27:43 [SpringApplicationShutdownHook] INFO  com.zaxxer.hikari.HikariDataSource - HikariPool-1 - Shutdown completed.
2025-11-14 20:27:52 [main] INFO  c.prueba.cuentas.CuentasApplication - Starting CuentasApplication using Java 21.0.9 with PID 9608 (D:\workspace_spring\cuentas\target\classes started by andre in D:\workspace_spring\cuentas)
2025-11-14 20:27:52 [main] INFO  c.prueba.cuentas.CuentasApplication - No active profile set, falling back to 1 default profile: "default"
2025-11-14 20:27:54 [main] INFO  o.s.d.r.c.RepositoryConfigurationDelegate - Bootstrapping Spring Data JPA repositories in DEFAULT mode.
2025-11-14 20:27:54 [main] INFO  o.s.d.r.c.RepositoryConfigurationDelegate - Finished Spring Data repository scanning in 91 ms. Found 2 JPA repository interfaces.
2025-11-14 20:27:55 [main] INFO  o.s.b.w.e.tomcat.TomcatWebServer - Tomcat initialized with port 8082 (http)
2025-11-14 20:27:55 [main] INFO  o.a.catalina.core.StandardService - Starting service [Tomcat]
2025-11-14 20:27:55 [main] INFO  o.a.catalina.core.StandardEngine - Starting Servlet engine: [Apache Tomcat/10.1.48]
2025-11-14 20:27:55 [main] INFO  o.a.c.c.C.[Tomcat].[localhost].[/] - Initializing Spring embedded WebApplicationContext
2025-11-14 20:27:55 [main] INFO  o.s.b.w.s.c.ServletWebServerApplicationContext - Root WebApplicationContext: initialization completed in 2499 ms
2025-11-14 20:27:55 [main] INFO  o.h.jpa.internal.util.LogHelper - HHH000204: Processing PersistenceUnitInfo [name: default]
2025-11-14 20:27:55 [main] INFO  org.hibernate.Version - HHH000412: Hibernate ORM core version 6.6.33.Final
2025-11-14 20:27:55 [main] INFO  o.h.c.i.RegionFactoryInitiator - HHH000026: Second-level cache disabled
2025-11-14 20:27:56 [main] INFO  o.s.o.j.p.SpringPersistenceUnitInfo - No LoadTimeWeaver setup: ignoring JPA class transformer
2025-11-14 20:27:56 [main] INFO  com.zaxxer.hikari.HikariDataSource - HikariPool-1 - Starting...
2025-11-14 20:27:56 [main] INFO  com.zaxxer.hikari.pool.HikariPool - HikariPool-1 - Added connection org.postgresql.jdbc.PgConnection@237aa0c7
2025-11-14 20:27:56 [main] INFO  com.zaxxer.hikari.HikariDataSource - HikariPool-1 - Start completed.
2025-11-14 20:27:56 [main] WARN  org.hibernate.orm.deprecation - HHH90000025: PostgreSQLDialect does not need to be specified explicitly using 'hibernate.dialect' (remove the property setting and it will be selected by default)
2025-11-14 20:27:56 [main] INFO  o.hibernate.orm.connections.pooling - HHH10001005: Database info:
	Database JDBC URL [Connecting through datasource 'HikariDataSource (HikariPool-1)']
	Database driver: undefined/unknown
	Database version: 15.7
	Autocommit mode: undefined/unknown
	Isolation level: undefined/unknown
	Minimum pool size: undefined/unknown
	Maximum pool size: undefined/unknown
2025-11-14 20:27:58 [main] INFO  o.h.e.t.j.p.i.JtaPlatformInitiator - HHH000489: No JTA platform available (set 'hibernate.transaction.jta.platform' to enable JTA platform integration)
2025-11-14 20:27:58 [main] INFO  o.s.o.j.LocalContainerEntityManagerFactoryBean - Initialized JPA EntityManagerFactory for persistence unit 'default'
2025-11-14 20:27:58 [main] INFO  o.s.d.j.r.query.QueryEnhancerFactory - Hibernate is in classpath; If applicable, HQL parser will be used.
2025-11-14 20:27:59 [main] WARN  o.s.b.a.o.j.JpaBaseConfiguration$JpaWebConfiguration - spring.jpa.open-in-view is enabled by default. Therefore, database queries may be performed during view rendering. Explicitly configure spring.jpa.open-in-view to disable this warning
2025-11-14 20:28:01 [main] INFO  o.s.b.w.e.tomcat.TomcatWebServer - Tomcat started on port 8082 (http) with context path '/'
2025-11-14 20:28:01 [main] INFO  c.prueba.cuentas.CuentasApplication - Started CuentasApplication in 10.147 seconds (process running for 12.588)
2025-11-14 20:30:46 [SpringApplicationShutdownHook] INFO  o.s.b.w.e.tomcat.GracefulShutdown - Commencing graceful shutdown. Waiting for active requests to complete
2025-11-14 20:30:46 [tomcat-shutdown] INFO  o.s.b.w.e.tomcat.GracefulShutdown - Graceful shutdown complete
2025-11-14 20:30:46 [SpringApplicationShutdownHook] INFO  o.s.o.j.LocalContainerEntityManagerFactoryBean - Closing JPA EntityManagerFactory for persistence unit 'default'
2025-11-14 20:30:46 [SpringApplicationShutdownHook] INFO  com.zaxxer.hikari.HikariDataSource - HikariPool-1 - Shutdown initiated...
2025-11-14 20:30:46 [SpringApplicationShutdownHook] INFO  com.zaxxer.hikari.HikariDataSource - HikariPool-1 - Shutdown completed.
2025-11-14 20:30:53 [main] INFO  c.prueba.cuentas.CuentasApplication - Starting CuentasApplication using Java 21.0.9 with PID 944 (D:\workspace_spring\cuentas\target\classes started by andre in D:\workspace_spring\cuentas)
2025-11-14 20:30:53 [main] INFO  c.prueba.cuentas.CuentasApplication - No active profile set, falling back to 1 default profile: "default"
2025-11-14 20:30:54 [main] INFO  o.s.d.r.c.RepositoryConfigurationDelegate - Bootstrapping Spring Data JPA repositories in DEFAULT mode.
2025-11-14 20:30:54 [main] INFO  o.s.d.r.c.RepositoryConfigurationDelegate - Finished Spring Data repository scanning in 63 ms. Found 2 JPA repository interfaces.
2025-11-14 20:30:54 [main] INFO  o.s.b.w.e.tomcat.TomcatWebServer - Tomcat initialized with port 8082 (http)
2025-11-14 20:30:54 [main] INFO  o.a.catalina.core.StandardService - Starting service [Tomcat]
2025-11-14 20:30:54 [main] INFO  o.a.catalina.core.StandardEngine - Starting Servlet engine: [Apache Tomcat/10.1.48]
2025-11-14 20:30:54 [main] INFO  o.a.c.c.C.[Tomcat].[localhost].[/] - Initializing Spring embedded WebApplicationContext
2025-11-14 20:30:54 [main] INFO  o.s.b.w.s.c.ServletWebServerApplicationContext - Root WebApplicationContext: initialization completed in 1629 ms
2025-11-14 20:30:55 [main] INFO  o.h.jpa.internal.util.LogHelper - HHH000204: Processing PersistenceUnitInfo [name: default]
2025-11-14 20:30:55 [main] INFO  org.hibernate.Version - HHH000412: Hibernate ORM core version 6.6.33.Final
2025-11-14 20:30:55 [main] INFO  o.h.c.i.RegionFactoryInitiator - HHH000026: Second-level cache disabled
2025-11-14 20:30:55 [main] INFO  o.s.o.j.p.SpringPersistenceUnitInfo - No LoadTimeWeaver setup: ignoring JPA class transformer
2025-11-14 20:30:55 [main] INFO  com.zaxxer.hikari.HikariDataSource - HikariPool-1 - Starting...
2025-11-14 20:30:55 [main] INFO  com.zaxxer.hikari.pool.HikariPool - HikariPool-1 - Added connection org.postgresql.jdbc.PgConnection@727956bb
2025-11-14 20:30:55 [main] INFO  com.zaxxer.hikari.HikariDataSource - HikariPool-1 - Start completed.
2025-11-14 20:30:55 [main] WARN  org.hibernate.orm.deprecation - HHH90000025: PostgreSQLDialect does not need to be specified explicitly using 'hibernate.dialect' (remove the property setting and it will be selected by default)
2025-11-14 20:30:55 [main] INFO  o.hibernate.orm.connections.pooling - HHH10001005: Database info:
	Database JDBC URL [Connecting through datasource 'HikariDataSource (HikariPool-1)']
	Database driver: undefined/unknown
	Database version: 15.7
	Autocommit mode: undefined/unknown
	Isolation level: undefined/unknown
	Minimum pool size: undefined/unknown
	Maximum pool size: undefined/unknown
2025-11-14 20:30:57 [main] INFO  o.h.e.t.j.p.i.JtaPlatformInitiator - HHH000489: No JTA platform available (set 'hibernate.transaction.jta.platform' to enable JTA platform integration)
2025-11-14 20:30:57 [main] INFO  o.s.o.j.LocalContainerEntityManagerFactoryBean - Initialized JPA EntityManagerFactory for persistence unit 'default'
2025-11-14 20:30:58 [main] INFO  o.s.d.j.r.query.QueryEnhancerFactory - Hibernate is in classpath; If applicable, HQL parser will be used.
2025-11-14 20:30:59 [main] WARN  o.s.b.a.o.j.JpaBaseConfiguration$JpaWebConfiguration - spring.jpa.open-in-view is enabled by default. Therefore, database queries may be performed during view rendering. Explicitly configure spring.jpa.open-in-view to disable this warning
2025-11-14 20:31:00 [main] INFO  o.s.b.w.e.tomcat.TomcatWebServer - Tomcat started on port 8082 (http) with context path '/'
2025-11-14 20:31:00 [main] INFO  c.prueba.cuentas.CuentasApplication - Started CuentasApplication in 8.206 seconds (process running for 9.62)
2025-11-14 20:36:33 [SpringApplicationShutdownHook] INFO  o.s.b.w.e.tomcat.GracefulShutdown - Commencing graceful shutdown. Waiting for active requests to complete
2025-11-14 20:36:33 [tomcat-shutdown] INFO  o.s.b.w.e.tomcat.GracefulShutdown - Graceful shutdown complete
2025-11-14 20:36:33 [SpringApplicationShutdownHook] INFO  o.s.o.j.LocalContainerEntityManagerFactoryBean - Closing JPA EntityManagerFactory for persistence unit 'default'
2025-11-14 20:36:33 [SpringApplicationShutdownHook] INFO  com.zaxxer.hikari.HikariDataSource - HikariPool-1 - Shutdown initiated...
2025-11-14 20:36:33 [SpringApplicationShutdownHook] INFO  com.zaxxer.hikari.HikariDataSource - HikariPool-1 - Shutdown completed.
2025-11-14 20:44:54 [main] INFO  c.prueba.cuentas.CuentasApplication - Starting CuentasApplication using Java 21.0.9 with PID 18512 (D:\workspace_spring\cuentas\target\classes started by andre in D:\workspace_spring\cuentas)
2025-11-14 20:44:54 [main] INFO  c.prueba.cuentas.CuentasApplication - No active profile set, falling back to 1 default profile: "default"
2025-11-14 20:44:55 [main] INFO  o.s.d.r.c.RepositoryConfigurationDelegate - Bootstrapping Spring Data JPA repositories in DEFAULT mode.
2025-11-14 20:44:55 [main] INFO  o.s.d.r.c.RepositoryConfigurationDelegate - Finished Spring Data repository scanning in 64 ms. Found 2 JPA repository interfaces.
2025-11-14 20:44:56 [main] INFO  o.s.b.w.e.tomcat.TomcatWebServer - Tomcat initialized with port 8082 (http)
2025-11-14 20:44:56 [main] INFO  o.a.catalina.core.StandardService - Starting service [Tomcat]
2025-11-14 20:44:56 [main] INFO  o.a.catalina.core.StandardEngine - Starting Servlet engine: [Apache Tomcat/10.1.48]
2025-11-14 20:44:56 [main] INFO  o.a.c.c.C.[Tomcat].[localhost].[/] - Initializing Spring embedded WebApplicationContext
2025-11-14 20:44:56 [main] INFO  o.s.b.w.s.c.ServletWebServerApplicationContext - Root WebApplicationContext: initialization completed in 1951 ms
2025-11-14 20:44:56 [main] INFO  o.h.jpa.internal.util.LogHelper - HHH000204: Processing PersistenceUnitInfo [name: default]
2025-11-14 20:44:56 [main] INFO  org.hibernate.Version - HHH000412: Hibernate ORM core version 6.6.33.Final
2025-11-14 20:44:56 [main] INFO  o.h.c.i.RegionFactoryInitiator - HHH000026: Second-level cache disabled
2025-11-14 20:44:56 [main] INFO  o.s.o.j.p.SpringPersistenceUnitInfo - No LoadTimeWeaver setup: ignoring JPA class transformer
2025-11-14 20:44:56 [main] INFO  com.zaxxer.hikari.HikariDataSource - HikariPool-1 - Starting...
2025-11-14 20:44:57 [main] INFO  com.zaxxer.hikari.pool.HikariPool - HikariPool-1 - Added connection org.postgresql.jdbc.PgConnection@7544260a
2025-11-14 20:44:57 [main] INFO  com.zaxxer.hikari.HikariDataSource - HikariPool-1 - Start completed.
2025-11-14 20:44:57 [main] WARN  org.hibernate.orm.deprecation - HHH90000025: PostgreSQLDialect does not need to be specified explicitly using 'hibernate.dialect' (remove the property setting and it will be selected by default)
2025-11-14 20:44:57 [main] INFO  o.hibernate.orm.connections.pooling - HHH10001005: Database info:
	Database JDBC URL [Connecting through datasource 'HikariDataSource (HikariPool-1)']
	Database driver: undefined/unknown
	Database version: 15.7
	Autocommit mode: undefined/unknown
	Isolation level: undefined/unknown
	Minimum pool size: undefined/unknown
	Maximum pool size: undefined/unknown
2025-11-14 20:44:58 [main] INFO  o.h.e.t.j.p.i.JtaPlatformInitiator - HHH000489: No JTA platform available (set 'hibernate.transaction.jta.platform' to enable JTA platform integration)
2025-11-14 20:44:58 [main] INFO  o.s.o.j.LocalContainerEntityManagerFactoryBean - Initialized JPA EntityManagerFactory for persistence unit 'default'
2025-11-14 20:44:58 [main] INFO  o.s.d.j.r.query.QueryEnhancerFactory - Hibernate is in classpath; If applicable, HQL parser will be used.
2025-11-14 20:44:59 [main] WARN  o.s.b.a.o.j.JpaBaseConfiguration$JpaWebConfiguration - spring.jpa.open-in-view is enabled by default. Therefore, database queries may be performed during view rendering. Explicitly configure spring.jpa.open-in-view to disable this warning
2025-11-14 20:45:00 [main] INFO  o.s.b.w.e.tomcat.TomcatWebServer - Tomcat started on port 8082 (http) with context path '/'
2025-11-14 20:45:00 [main] INFO  c.prueba.cuentas.CuentasApplication - Started CuentasApplication in 6.798 seconds (process running for 7.868)
2025-11-14 20:45:03 [http-nio-8082-exec-1] INFO  o.a.c.c.C.[Tomcat].[localhost].[/] - Initializing Spring DispatcherServlet 'dispatcherServlet'
2025-11-14 20:45:03 [http-nio-8082-exec-1] INFO  o.s.web.servlet.DispatcherServlet - Initializing Servlet 'dispatcherServlet'
2025-11-14 20:45:03 [http-nio-8082-exec-1] INFO  o.s.web.servlet.DispatcherServlet - Completed initialization in 1 ms
2025-11-14 20:45:03 [http-nio-8082-exec-1] WARN  c.p.c.e.CuentasExceptionHandler - uri=/api/movimientos/registrar-movimiento;client=0:0:0:0:0:0:0:1
2025-11-14 20:45:03 [http-nio-8082-exec-1] ERROR c.p.c.e.CuentasExceptionHandler - Validation failed for argument [0] in public org.springframework.http.ResponseEntity<com.prueba.cuentas.dto.response.MessageResponseDto> com.prueba.cuentas.controller.MovimientoController.registrarMovimiento(com.prueba.cuentas.dto.request.MovimientoRequestDto): [Field error in object 'movimientoRequestDto' on field 'tipoMovimiento': rejected value [retiro]; codes [Pattern.movimientoRequestDto.tipoMovimiento,Pattern.tipoMovimiento,Pattern.java.lang.String,Pattern]; arguments [org.springframework.context.support.DefaultMessageSourceResolvable: codes [movimientoRequestDto.tipoMovimiento,tipoMovimiento]; arguments []; default message [tipoMovimiento],[Ljakarta.validation.constraints.Pattern$Flag;@1604ca59,^(Retiro|Deposito)$]; default message [Tipo de cuenta debe ser: Retiro o Deposito]] 
2025-11-14 20:45:10 [http-nio-8082-exec-4] INFO  c.p.c.s.impl.MovimientoServiceImpl - Registrando movimiento Retiro de 10 en cuenta 2222222
2025-11-14 20:45:11 [http-nio-8082-exec-4] DEBUG org.hibernate.SQL - 
    /* <criteria> */ select
        ce1_0.id,
        ce1_0.cliente_id,
        ce1_0.cliente_nombre,
        ce1_0.estado,
        ce1_0.numero_cuenta,
        ce1_0.saldo_actual,
        ce1_0.saldo_inicial,
        ce1_0.tipo_cuenta 
    from
        cuenta ce1_0 
    where
        ce1_0.numero_cuenta=?
2025-11-14 20:45:11 [http-nio-8082-exec-4] WARN  c.p.c.e.CuentasExceptionHandler - uri=/api/movimientos/registrar-movimiento;client=0:0:0:0:0:0:0:1
2025-11-14 20:45:11 [http-nio-8082-exec-4] ERROR c.p.c.e.CuentasExceptionHandler - Error al obtner cuenta2222222
2025-11-14 20:46:33 [SpringApplicationShutdownHook] INFO  o.s.b.w.e.tomcat.GracefulShutdown - Commencing graceful shutdown. Waiting for active requests to complete
2025-11-14 20:46:33 [tomcat-shutdown] INFO  o.s.b.w.e.tomcat.GracefulShutdown - Graceful shutdown complete
2025-11-14 20:46:33 [SpringApplicationShutdownHook] INFO  o.s.o.j.LocalContainerEntityManagerFactoryBean - Closing JPA EntityManagerFactory for persistence unit 'default'
2025-11-14 20:46:33 [SpringApplicationShutdownHook] INFO  com.zaxxer.hikari.HikariDataSource - HikariPool-1 - Shutdown initiated...
2025-11-14 20:46:33 [SpringApplicationShutdownHook] INFO  com.zaxxer.hikari.HikariDataSource - HikariPool-1 - Shutdown completed.
2025-11-14 20:46:39 [main] INFO  c.prueba.cuentas.CuentasApplication - Starting CuentasApplication using Java 21.0.9 with PID 20240 (D:\workspace_spring\cuentas\target\classes started by andre in D:\workspace_spring\cuentas)
2025-11-14 20:46:39 [main] INFO  c.prueba.cuentas.CuentasApplication - No active profile set, falling back to 1 default profile: "default"
2025-11-14 20:46:40 [main] INFO  o.s.d.r.c.RepositoryConfigurationDelegate - Bootstrapping Spring Data JPA repositories in DEFAULT mode.
2025-11-14 20:46:40 [main] INFO  o.s.d.r.c.RepositoryConfigurationDelegate - Finished Spring Data repository scanning in 59 ms. Found 2 JPA repository interfaces.
2025-11-14 20:46:41 [main] INFO  o.s.b.w.e.tomcat.TomcatWebServer - Tomcat initialized with port 8082 (http)
2025-11-14 20:46:41 [main] INFO  o.a.catalina.core.StandardService - Starting service [Tomcat]
2025-11-14 20:46:41 [main] INFO  o.a.catalina.core.StandardEngine - Starting Servlet engine: [Apache Tomcat/10.1.48]
2025-11-14 20:46:41 [main] INFO  o.a.c.c.C.[Tomcat].[localhost].[/] - Initializing Spring embedded WebApplicationContext
2025-11-14 20:46:41 [main] INFO  o.s.b.w.s.c.ServletWebServerApplicationContext - Root WebApplicationContext: initialization completed in 1620 ms
2025-11-14 20:46:41 [main] INFO  o.h.jpa.internal.util.LogHelper - HHH000204: Processing PersistenceUnitInfo [name: default]
2025-11-14 20:46:41 [main] INFO  org.hibernate.Version - HHH000412: Hibernate ORM core version 6.6.33.Final
2025-11-14 20:46:41 [main] INFO  o.h.c.i.RegionFactoryInitiator - HHH000026: Second-level cache disabled
2025-11-14 20:46:41 [main] INFO  o.s.o.j.p.SpringPersistenceUnitInfo - No LoadTimeWeaver setup: ignoring JPA class transformer
2025-11-14 20:46:41 [main] INFO  com.zaxxer.hikari.HikariDataSource - HikariPool-1 - Starting...
2025-11-14 20:46:42 [main] INFO  com.zaxxer.hikari.pool.HikariPool - HikariPool-1 - Added connection org.postgresql.jdbc.PgConnection@1592e540
2025-11-14 20:46:42 [main] INFO  com.zaxxer.hikari.HikariDataSource - HikariPool-1 - Start completed.
2025-11-14 20:46:42 [main] WARN  org.hibernate.orm.deprecation - HHH90000025: PostgreSQLDialect does not need to be specified explicitly using 'hibernate.dialect' (remove the property setting and it will be selected by default)
2025-11-14 20:46:42 [main] INFO  o.hibernate.orm.connections.pooling - HHH10001005: Database info:
	Database JDBC URL [Connecting through datasource 'HikariDataSource (HikariPool-1)']
	Database driver: undefined/unknown
	Database version: 15.7
	Autocommit mode: undefined/unknown
	Isolation level: undefined/unknown
	Minimum pool size: undefined/unknown
	Maximum pool size: undefined/unknown
2025-11-14 20:46:43 [main] INFO  o.h.e.t.j.p.i.JtaPlatformInitiator - HHH000489: No JTA platform available (set 'hibernate.transaction.jta.platform' to enable JTA platform integration)
2025-11-14 20:46:43 [main] INFO  o.s.o.j.LocalContainerEntityManagerFactoryBean - Initialized JPA EntityManagerFactory for persistence unit 'default'
2025-11-14 20:46:43 [main] INFO  o.s.d.j.r.query.QueryEnhancerFactory - Hibernate is in classpath; If applicable, HQL parser will be used.
2025-11-14 20:46:44 [main] WARN  o.s.b.a.o.j.JpaBaseConfiguration$JpaWebConfiguration - spring.jpa.open-in-view is enabled by default. Therefore, database queries may be performed during view rendering. Explicitly configure spring.jpa.open-in-view to disable this warning
2025-11-14 20:46:45 [main] INFO  o.s.b.w.e.tomcat.TomcatWebServer - Tomcat started on port 8082 (http) with context path '/'
2025-11-14 20:46:45 [main] INFO  c.prueba.cuentas.CuentasApplication - Started CuentasApplication in 6.149 seconds (process running for 7.329)
2025-11-14 20:46:48 [http-nio-8082-exec-1] INFO  o.a.c.c.C.[Tomcat].[localhost].[/] - Initializing Spring DispatcherServlet 'dispatcherServlet'
2025-11-14 20:46:48 [http-nio-8082-exec-1] INFO  o.s.web.servlet.DispatcherServlet - Initializing Servlet 'dispatcherServlet'
2025-11-14 20:46:48 [http-nio-8082-exec-1] INFO  o.s.web.servlet.DispatcherServlet - Completed initialization in 1 ms
2025-11-14 20:46:49 [http-nio-8082-exec-1] INFO  c.p.c.s.impl.MovimientoServiceImpl - Registrando movimiento Retiro de 10 en cuenta 2222222
2025-11-14 20:46:49 [http-nio-8082-exec-1] DEBUG org.hibernate.SQL - 
    /* <criteria> */ select
        ce1_0.id,
        ce1_0.cliente_id,
        ce1_0.cliente_nombre,
        ce1_0.estado,
        ce1_0.numero_cuenta,
        ce1_0.saldo_actual,
        ce1_0.saldo_inicial,
        ce1_0.tipo_cuenta 
    from
        cuenta ce1_0 
    where
        ce1_0.numero_cuenta=?
2025-11-14 20:46:49 [http-nio-8082-exec-1] WARN  c.p.c.e.CuentasExceptionHandler - uri=/api/movimientos/registrar-movimiento;client=0:0:0:0:0:0:0:1
2025-11-14 20:46:49 [http-nio-8082-exec-1] ERROR c.p.c.e.CuentasExceptionHandler - No se encontro el numero de cuenta: 2222222
2025-11-14 20:48:04 [http-nio-8082-exec-5] INFO  c.p.c.service.impl.CuentaServiceImpl - Creando nueva cuenta: 12345
2025-11-14 20:48:04 [http-nio-8082-exec-5] DEBUG org.hibernate.SQL - 
    /* <criteria> */ select
        ce1_0.id 
    from
        cuenta ce1_0 
    where
        ce1_0.numero_cuenta=? 
        and ce1_0.tipo_cuenta=? 
    fetch
        first ? rows only
2025-11-14 20:48:04 [http-nio-8082-exec-5] DEBUG org.hibernate.SQL - 
    /* insert for
        com.prueba.cuentas.persistence.entity.CuentaEntity */insert 
    into
        cuenta (cliente_id, cliente_nombre, estado, numero_cuenta, saldo_actual, saldo_inicial, tipo_cuenta) 
    values
        (?, ?, ?, ?, ?, ?, ?)
2025-11-14 20:48:34 [http-nio-8082-exec-6] INFO  c.p.c.service.impl.CuentaServiceImpl - Creando nueva cuenta: 12345
2025-11-14 20:48:34 [http-nio-8082-exec-6] DEBUG org.hibernate.SQL - 
    /* <criteria> */ select
        ce1_0.id 
    from
        cuenta ce1_0 
    where
        ce1_0.numero_cuenta=? 
        and ce1_0.tipo_cuenta=? 
    fetch
        first ? rows only
2025-11-14 20:48:34 [http-nio-8082-exec-6] WARN  c.p.c.e.CuentasExceptionHandler - uri=/api/cuentas;client=0:0:0:0:0:0:0:1
2025-11-14 20:48:34 [http-nio-8082-exec-6] ERROR c.p.c.e.CuentasExceptionHandler - Ya existe una cuenta de: Ahorros con numero: 12345
2025-11-14 20:50:53 [http-nio-8082-exec-9] INFO  c.p.c.s.impl.MovimientoServiceImpl - Registrando movimiento Retiro de 10 en cuenta 12345
2025-11-14 20:50:53 [http-nio-8082-exec-9] DEBUG org.hibernate.SQL - 
    /* <criteria> */ select
        ce1_0.id,
        ce1_0.cliente_id,
        ce1_0.cliente_nombre,
        ce1_0.estado,
        ce1_0.numero_cuenta,
        ce1_0.saldo_actual,
        ce1_0.saldo_inicial,
        ce1_0.tipo_cuenta 
    from
        cuenta ce1_0 
    where
        ce1_0.numero_cuenta=?
2025-11-14 20:50:53 [http-nio-8082-exec-9] ERROR c.p.c.s.impl.MovimientoServiceImpl - Saldo no disponible. Saldo actual: 0.00, Monto solicitado: 10
2025-11-14 20:50:53 [http-nio-8082-exec-9] WARN  c.p.c.e.CuentasExceptionHandler - uri=/api/movimientos/registrar-movimiento;client=0:0:0:0:0:0:0:1
2025-11-14 20:50:53 [http-nio-8082-exec-9] ERROR c.p.c.e.CuentasExceptionHandler - Saldo no disponible
2025-11-14 20:53:15 [SpringApplicationShutdownHook] INFO  o.s.b.w.e.tomcat.GracefulShutdown - Commencing graceful shutdown. Waiting for active requests to complete
2025-11-14 20:53:15 [tomcat-shutdown] INFO  o.s.b.w.e.tomcat.GracefulShutdown - Graceful shutdown complete
2025-11-14 20:53:15 [SpringApplicationShutdownHook] INFO  o.s.o.j.LocalContainerEntityManagerFactoryBean - Closing JPA EntityManagerFactory for persistence unit 'default'
2025-11-14 20:53:15 [SpringApplicationShutdownHook] INFO  com.zaxxer.hikari.HikariDataSource - HikariPool-1 - Shutdown initiated...
2025-11-14 20:53:15 [SpringApplicationShutdownHook] INFO  com.zaxxer.hikari.HikariDataSource - HikariPool-1 - Shutdown completed.
2025-11-14 20:53:22 [main] INFO  c.prueba.cuentas.CuentasApplication - Starting CuentasApplication using Java 21.0.9 with PID 5112 (D:\workspace_spring\cuentas\target\classes started by andre in D:\workspace_spring\cuentas)
2025-11-14 20:53:22 [main] INFO  c.prueba.cuentas.CuentasApplication - No active profile set, falling back to 1 default profile: "default"
2025-11-14 20:53:23 [main] INFO  o.s.d.r.c.RepositoryConfigurationDelegate - Bootstrapping Spring Data JPA repositories in DEFAULT mode.
2025-11-14 20:53:23 [main] INFO  o.s.d.r.c.RepositoryConfigurationDelegate - Finished Spring Data repository scanning in 59 ms. Found 2 JPA repository interfaces.
2025-11-14 20:53:23 [main] INFO  o.s.b.w.e.tomcat.TomcatWebServer - Tomcat initialized with port 8082 (http)
2025-11-14 20:53:23 [main] INFO  o.a.catalina.core.StandardService - Starting service [Tomcat]
2025-11-14 20:53:23 [main] INFO  o.a.catalina.core.StandardEngine - Starting Servlet engine: [Apache Tomcat/10.1.48]
2025-11-14 20:53:23 [main] INFO  o.a.c.c.C.[Tomcat].[localhost].[/] - Initializing Spring embedded WebApplicationContext
2025-11-14 20:53:23 [main] INFO  o.s.b.w.s.c.ServletWebServerApplicationContext - Root WebApplicationContext: initialization completed in 1758 ms
2025-11-14 20:53:24 [main] INFO  o.h.jpa.internal.util.LogHelper - HHH000204: Processing PersistenceUnitInfo [name: default]
2025-11-14 20:53:24 [main] INFO  org.hibernate.Version - HHH000412: Hibernate ORM core version 6.6.33.Final
2025-11-14 20:53:24 [main] INFO  o.h.c.i.RegionFactoryInitiator - HHH000026: Second-level cache disabled
2025-11-14 20:53:24 [main] INFO  o.s.o.j.p.SpringPersistenceUnitInfo - No LoadTimeWeaver setup: ignoring JPA class transformer
2025-11-14 20:53:24 [main] INFO  com.zaxxer.hikari.HikariDataSource - HikariPool-1 - Starting...
2025-11-14 20:53:24 [main] INFO  com.zaxxer.hikari.pool.HikariPool - HikariPool-1 - Added connection org.postgresql.jdbc.PgConnection@5b88af70
2025-11-14 20:53:24 [main] INFO  com.zaxxer.hikari.HikariDataSource - HikariPool-1 - Start completed.
2025-11-14 20:53:24 [main] WARN  org.hibernate.orm.deprecation - HHH90000025: PostgreSQLDialect does not need to be specified explicitly using 'hibernate.dialect' (remove the property setting and it will be selected by default)
2025-11-14 20:53:24 [main] INFO  o.hibernate.orm.connections.pooling - HHH10001005: Database info:
	Database JDBC URL [Connecting through datasource 'HikariDataSource (HikariPool-1)']
	Database driver: undefined/unknown
	Database version: 15.7
	Autocommit mode: undefined/unknown
	Isolation level: undefined/unknown
	Minimum pool size: undefined/unknown
	Maximum pool size: undefined/unknown
2025-11-14 20:53:26 [main] INFO  o.h.e.t.j.p.i.JtaPlatformInitiator - HHH000489: No JTA platform available (set 'hibernate.transaction.jta.platform' to enable JTA platform integration)
2025-11-14 20:53:26 [main] INFO  o.s.o.j.LocalContainerEntityManagerFactoryBean - Initialized JPA EntityManagerFactory for persistence unit 'default'
2025-11-14 20:53:26 [main] INFO  o.s.d.j.r.query.QueryEnhancerFactory - Hibernate is in classpath; If applicable, HQL parser will be used.
2025-11-14 20:53:27 [main] WARN  o.s.b.a.o.j.JpaBaseConfiguration$JpaWebConfiguration - spring.jpa.open-in-view is enabled by default. Therefore, database queries may be performed during view rendering. Explicitly configure spring.jpa.open-in-view to disable this warning
2025-11-14 20:53:28 [main] INFO  o.s.b.w.e.tomcat.TomcatWebServer - Tomcat started on port 8082 (http) with context path '/'
2025-11-14 20:53:29 [main] INFO  c.prueba.cuentas.CuentasApplication - Started CuentasApplication in 7.915 seconds (process running for 9.127)
2025-11-14 20:53:31 [http-nio-8082-exec-1] INFO  o.a.c.c.C.[Tomcat].[localhost].[/] - Initializing Spring DispatcherServlet 'dispatcherServlet'
2025-11-14 20:53:31 [http-nio-8082-exec-1] INFO  o.s.web.servlet.DispatcherServlet - Initializing Servlet 'dispatcherServlet'
2025-11-14 20:53:31 [http-nio-8082-exec-1] INFO  o.s.web.servlet.DispatcherServlet - Completed initialization in 1 ms
2025-11-14 20:53:31 [http-nio-8082-exec-1] INFO  c.p.c.s.impl.MovimientoServiceImpl - Registrando movimiento Retiro de 10 en cuenta 12345
2025-11-14 20:53:31 [http-nio-8082-exec-1] DEBUG org.hibernate.SQL - 
    /* <criteria> */ select
        ce1_0.id,
        ce1_0.cliente_id,
        ce1_0.cliente_nombre,
        ce1_0.estado,
        ce1_0.numero_cuenta,
        ce1_0.saldo_actual,
        ce1_0.saldo_inicial,
        ce1_0.tipo_cuenta 
    from
        cuenta ce1_0 
    where
        ce1_0.numero_cuenta=?
2025-11-14 20:53:31 [http-nio-8082-exec-1] ERROR c.p.c.s.impl.MovimientoServiceImpl - Saldo no disponible. Saldo actual: 0.00, Monto solicitado: 10
2025-11-14 20:53:31 [http-nio-8082-exec-1] WARN  c.p.c.e.CuentasExceptionHandler - uri=/api/movimientos/registrar-movimiento;client=0:0:0:0:0:0:0:1
2025-11-14 20:53:31 [http-nio-8082-exec-1] ERROR c.p.c.e.CuentasExceptionHandler - Saldo no disponible
2025-11-14 20:54:08 [http-nio-8082-exec-4] INFO  c.p.c.s.impl.MovimientoServiceImpl - Registrando movimiento Deposito de 10 en cuenta 12345
2025-11-14 20:54:08 [http-nio-8082-exec-4] DEBUG org.hibernate.SQL - 
    /* <criteria> */ select
        ce1_0.id,
        ce1_0.cliente_id,
        ce1_0.cliente_nombre,
        ce1_0.estado,
        ce1_0.numero_cuenta,
        ce1_0.saldo_actual,
        ce1_0.saldo_inicial,
        ce1_0.tipo_cuenta 
    from
        cuenta ce1_0 
    where
        ce1_0.numero_cuenta=?
2025-11-14 20:54:08 [http-nio-8082-exec-4] DEBUG org.hibernate.SQL - 
    /* insert for
        com.prueba.cuentas.persistence.entity.MovimientoEntity */insert 
    into
        movimientos (numero_cuenta, fecha, saldo, tipo, valor) 
    values
        (?, ?, ?, ?, ?)
2025-11-14 20:54:08 [http-nio-8082-exec-4] INFO  c.p.c.s.impl.MovimientoServiceImpl - Movimiento registrado exitosamente. Nuevo saldo: 10.00
2025-11-14 20:54:08 [http-nio-8082-exec-4] DEBUG org.hibernate.SQL - 
    /* update
        for com.prueba.cuentas.persistence.entity.CuentaEntity */update cuenta 
    set
        cliente_id=?,
        cliente_nombre=?,
        estado=?,
        numero_cuenta=?,
        saldo_actual=?,
        saldo_inicial=?,
        tipo_cuenta=? 
    where
        id=?
2025-11-14 20:59:55 [SpringApplicationShutdownHook] INFO  o.s.b.w.e.tomcat.GracefulShutdown - Commencing graceful shutdown. Waiting for active requests to complete
2025-11-14 20:59:55 [tomcat-shutdown] INFO  o.s.b.w.e.tomcat.GracefulShutdown - Graceful shutdown complete
2025-11-14 20:59:55 [SpringApplicationShutdownHook] INFO  o.s.o.j.LocalContainerEntityManagerFactoryBean - Closing JPA EntityManagerFactory for persistence unit 'default'
2025-11-14 20:59:55 [SpringApplicationShutdownHook] INFO  com.zaxxer.hikari.HikariDataSource - HikariPool-1 - Shutdown initiated...
2025-11-14 20:59:55 [SpringApplicationShutdownHook] INFO  com.zaxxer.hikari.HikariDataSource - HikariPool-1 - Shutdown completed.
2025-11-14 21:00:04 [main] INFO  c.prueba.cuentas.CuentasApplication - Starting CuentasApplication using Java 21.0.9 with PID 5400 (D:\workspace_spring\cuentas\target\classes started by andre in D:\workspace_spring\cuentas)
2025-11-14 21:00:04 [main] INFO  c.prueba.cuentas.CuentasApplication - No active profile set, falling back to 1 default profile: "default"
2025-11-14 21:00:05 [main] INFO  o.s.d.r.c.RepositoryConfigurationDelegate - Bootstrapping Spring Data JPA repositories in DEFAULT mode.
2025-11-14 21:00:05 [main] INFO  o.s.d.r.c.RepositoryConfigurationDelegate - Finished Spring Data repository scanning in 81 ms. Found 2 JPA repository interfaces.
2025-11-14 21:00:06 [main] INFO  o.s.b.w.e.tomcat.TomcatWebServer - Tomcat initialized with port 8082 (http)
2025-11-14 21:00:06 [main] INFO  o.a.catalina.core.StandardService - Starting service [Tomcat]
2025-11-14 21:00:06 [main] INFO  o.a.catalina.core.StandardEngine - Starting Servlet engine: [Apache Tomcat/10.1.48]
2025-11-14 21:00:06 [main] INFO  o.a.c.c.C.[Tomcat].[localhost].[/] - Initializing Spring embedded WebApplicationContext
2025-11-14 21:00:06 [main] INFO  o.s.b.w.s.c.ServletWebServerApplicationContext - Root WebApplicationContext: initialization completed in 2531 ms
2025-11-14 21:00:06 [main] INFO  o.h.jpa.internal.util.LogHelper - HHH000204: Processing PersistenceUnitInfo [name: default]
2025-11-14 21:00:06 [main] INFO  org.hibernate.Version - HHH000412: Hibernate ORM core version 6.6.33.Final
2025-11-14 21:00:07 [main] INFO  o.h.c.i.RegionFactoryInitiator - HHH000026: Second-level cache disabled
2025-11-14 21:00:07 [main] INFO  o.s.o.j.p.SpringPersistenceUnitInfo - No LoadTimeWeaver setup: ignoring JPA class transformer
2025-11-14 21:00:07 [main] INFO  com.zaxxer.hikari.HikariDataSource - HikariPool-1 - Starting...
2025-11-14 21:00:07 [main] INFO  com.zaxxer.hikari.pool.HikariPool - HikariPool-1 - Added connection org.postgresql.jdbc.PgConnection@1dfe5dd1
2025-11-14 21:00:07 [main] INFO  com.zaxxer.hikari.HikariDataSource - HikariPool-1 - Start completed.
2025-11-14 21:00:07 [main] WARN  org.hibernate.orm.deprecation - HHH90000025: PostgreSQLDialect does not need to be specified explicitly using 'hibernate.dialect' (remove the property setting and it will be selected by default)
2025-11-14 21:00:07 [main] INFO  o.hibernate.orm.connections.pooling - HHH10001005: Database info:
	Database JDBC URL [Connecting through datasource 'HikariDataSource (HikariPool-1)']
	Database driver: undefined/unknown
	Database version: 15.7
	Autocommit mode: undefined/unknown
	Isolation level: undefined/unknown
	Minimum pool size: undefined/unknown
	Maximum pool size: undefined/unknown
2025-11-14 21:00:09 [main] INFO  o.h.e.t.j.p.i.JtaPlatformInitiator - HHH000489: No JTA platform available (set 'hibernate.transaction.jta.platform' to enable JTA platform integration)
2025-11-14 21:00:09 [main] INFO  o.s.o.j.LocalContainerEntityManagerFactoryBean - Initialized JPA EntityManagerFactory for persistence unit 'default'
2025-11-14 21:00:10 [main] INFO  o.s.d.j.r.query.QueryEnhancerFactory - Hibernate is in classpath; If applicable, HQL parser will be used.
2025-11-14 21:00:11 [main] WARN  o.s.b.a.o.j.JpaBaseConfiguration$JpaWebConfiguration - spring.jpa.open-in-view is enabled by default. Therefore, database queries may be performed during view rendering. Explicitly configure spring.jpa.open-in-view to disable this warning
2025-11-14 21:00:12 [main] INFO  o.s.b.w.e.tomcat.TomcatWebServer - Tomcat started on port 8082 (http) with context path '/'
2025-11-14 21:00:12 [main] INFO  c.prueba.cuentas.CuentasApplication - Started CuentasApplication in 9.145 seconds (process running for 10.719)
2025-11-14 21:00:37 [http-nio-8082-exec-2] INFO  o.a.c.c.C.[Tomcat].[localhost].[/] - Initializing Spring DispatcherServlet 'dispatcherServlet'
2025-11-14 21:00:37 [http-nio-8082-exec-2] INFO  o.s.web.servlet.DispatcherServlet - Initializing Servlet 'dispatcherServlet'
2025-11-14 21:00:37 [http-nio-8082-exec-2] INFO  o.s.web.servlet.DispatcherServlet - Completed initialization in 1 ms
2025-11-14 21:00:37 [http-nio-8082-exec-2] WARN  c.p.c.e.CuentasExceptionHandler - uri=/api/cuentas/12345;client=0:0:0:0:0:0:0:1
2025-11-14 21:00:37 [http-nio-8082-exec-2] ERROR c.p.c.e.CuentasExceptionHandler - No static resource api/cuentas/12345.
2025-11-14 21:00:50 [SpringApplicationShutdownHook] INFO  o.s.b.w.e.tomcat.GracefulShutdown - Commencing graceful shutdown. Waiting for active requests to complete
2025-11-14 21:00:50 [tomcat-shutdown] INFO  o.s.b.w.e.tomcat.GracefulShutdown - Graceful shutdown complete
2025-11-14 21:00:50 [SpringApplicationShutdownHook] INFO  o.s.o.j.LocalContainerEntityManagerFactoryBean - Closing JPA EntityManagerFactory for persistence unit 'default'
2025-11-14 21:00:50 [SpringApplicationShutdownHook] INFO  com.zaxxer.hikari.HikariDataSource - HikariPool-1 - Shutdown initiated...
2025-11-14 21:00:50 [SpringApplicationShutdownHook] INFO  com.zaxxer.hikari.HikariDataSource - HikariPool-1 - Shutdown completed.
2025-11-14 21:00:55 [main] INFO  c.prueba.cuentas.CuentasApplication - Starting CuentasApplication using Java 21.0.9 with PID 16704 (D:\workspace_spring\cuentas\target\classes started by andre in D:\workspace_spring\cuentas)
2025-11-14 21:00:55 [main] INFO  c.prueba.cuentas.CuentasApplication - No active profile set, falling back to 1 default profile: "default"
2025-11-14 21:00:56 [main] INFO  o.s.d.r.c.RepositoryConfigurationDelegate - Bootstrapping Spring Data JPA repositories in DEFAULT mode.
2025-11-14 21:00:56 [main] INFO  o.s.d.r.c.RepositoryConfigurationDelegate - Finished Spring Data repository scanning in 60 ms. Found 2 JPA repository interfaces.
2025-11-14 21:00:57 [main] INFO  o.s.b.w.e.tomcat.TomcatWebServer - Tomcat initialized with port 8082 (http)
2025-11-14 21:00:57 [main] INFO  o.a.catalina.core.StandardService - Starting service [Tomcat]
2025-11-14 21:00:57 [main] INFO  o.a.catalina.core.StandardEngine - Starting Servlet engine: [Apache Tomcat/10.1.48]
2025-11-14 21:00:57 [main] INFO  o.a.c.c.C.[Tomcat].[localhost].[/] - Initializing Spring embedded WebApplicationContext
2025-11-14 21:00:57 [main] INFO  o.s.b.w.s.c.ServletWebServerApplicationContext - Root WebApplicationContext: initialization completed in 1718 ms
2025-11-14 21:00:57 [main] INFO  o.h.jpa.internal.util.LogHelper - HHH000204: Processing PersistenceUnitInfo [name: default]
2025-11-14 21:00:57 [main] INFO  org.hibernate.Version - HHH000412: Hibernate ORM core version 6.6.33.Final
2025-11-14 21:00:57 [main] INFO  o.h.c.i.RegionFactoryInitiator - HHH000026: Second-level cache disabled
2025-11-14 21:00:57 [main] INFO  o.s.o.j.p.SpringPersistenceUnitInfo - No LoadTimeWeaver setup: ignoring JPA class transformer
2025-11-14 21:00:57 [main] INFO  com.zaxxer.hikari.HikariDataSource - HikariPool-1 - Starting...
2025-11-14 21:00:58 [main] INFO  com.zaxxer.hikari.pool.HikariPool - HikariPool-1 - Added connection org.postgresql.jdbc.PgConnection@5eee3da9
2025-11-14 21:00:58 [main] INFO  com.zaxxer.hikari.HikariDataSource - HikariPool-1 - Start completed.
2025-11-14 21:00:58 [main] WARN  org.hibernate.orm.deprecation - HHH90000025: PostgreSQLDialect does not need to be specified explicitly using 'hibernate.dialect' (remove the property setting and it will be selected by default)
2025-11-14 21:00:58 [main] INFO  o.hibernate.orm.connections.pooling - HHH10001005: Database info:
	Database JDBC URL [Connecting through datasource 'HikariDataSource (HikariPool-1)']
	Database driver: undefined/unknown
	Database version: 15.7
	Autocommit mode: undefined/unknown
	Isolation level: undefined/unknown
	Minimum pool size: undefined/unknown
	Maximum pool size: undefined/unknown
2025-11-14 21:00:59 [main] INFO  o.h.e.t.j.p.i.JtaPlatformInitiator - HHH000489: No JTA platform available (set 'hibernate.transaction.jta.platform' to enable JTA platform integration)
2025-11-14 21:00:59 [main] INFO  o.s.o.j.LocalContainerEntityManagerFactoryBean - Initialized JPA EntityManagerFactory for persistence unit 'default'
2025-11-14 21:00:59 [main] INFO  o.s.d.j.r.query.QueryEnhancerFactory - Hibernate is in classpath; If applicable, HQL parser will be used.
2025-11-14 21:01:00 [main] WARN  o.s.b.a.o.j.JpaBaseConfiguration$JpaWebConfiguration - spring.jpa.open-in-view is enabled by default. Therefore, database queries may be performed during view rendering. Explicitly configure spring.jpa.open-in-view to disable this warning
2025-11-14 21:01:01 [main] INFO  o.s.b.w.e.tomcat.TomcatWebServer - Tomcat started on port 8082 (http) with context path '/'
2025-11-14 21:01:01 [main] INFO  c.prueba.cuentas.CuentasApplication - Started CuentasApplication in 6.326 seconds (process running for 7.374)
2025-11-14 21:01:05 [http-nio-8082-exec-2] INFO  o.a.c.c.C.[Tomcat].[localhost].[/] - Initializing Spring DispatcherServlet 'dispatcherServlet'
2025-11-14 21:01:05 [http-nio-8082-exec-2] INFO  o.s.web.servlet.DispatcherServlet - Initializing Servlet 'dispatcherServlet'
2025-11-14 21:01:05 [http-nio-8082-exec-2] INFO  o.s.web.servlet.DispatcherServlet - Completed initialization in 1 ms
2025-11-14 21:02:54 [SpringApplicationShutdownHook] INFO  o.s.b.w.e.tomcat.GracefulShutdown - Commencing graceful shutdown. Waiting for active requests to complete
2025-11-14 21:02:54 [tomcat-shutdown] INFO  o.s.b.w.e.tomcat.GracefulShutdown - Graceful shutdown complete
2025-11-14 21:02:54 [SpringApplicationShutdownHook] INFO  o.s.o.j.LocalContainerEntityManagerFactoryBean - Closing JPA EntityManagerFactory for persistence unit 'default'
2025-11-14 21:02:54 [SpringApplicationShutdownHook] INFO  com.zaxxer.hikari.HikariDataSource - HikariPool-1 - Shutdown initiated...
2025-11-14 21:02:54 [SpringApplicationShutdownHook] INFO  com.zaxxer.hikari.HikariDataSource - HikariPool-1 - Shutdown completed.
2025-11-14 21:02:57 [main] INFO  c.prueba.cuentas.CuentasApplication - Starting CuentasApplication using Java 21.0.9 with PID 16884 (D:\workspace_spring\cuentas\target\classes started by andre in D:\workspace_spring\cuentas)
2025-11-14 21:02:57 [main] INFO  c.prueba.cuentas.CuentasApplication - No active profile set, falling back to 1 default profile: "default"
2025-11-14 21:02:58 [main] INFO  o.s.d.r.c.RepositoryConfigurationDelegate - Bootstrapping Spring Data JPA repositories in DEFAULT mode.
2025-11-14 21:02:58 [main] INFO  o.s.d.r.c.RepositoryConfigurationDelegate - Finished Spring Data repository scanning in 66 ms. Found 2 JPA repository interfaces.
2025-11-14 21:02:59 [main] INFO  o.s.b.w.e.tomcat.TomcatWebServer - Tomcat initialized with port 8082 (http)
2025-11-14 21:02:59 [main] INFO  o.a.catalina.core.StandardService - Starting service [Tomcat]
2025-11-14 21:02:59 [main] INFO  o.a.catalina.core.StandardEngine - Starting Servlet engine: [Apache Tomcat/10.1.48]
2025-11-14 21:02:59 [main] INFO  o.a.c.c.C.[Tomcat].[localhost].[/] - Initializing Spring embedded WebApplicationContext
2025-11-14 21:02:59 [main] INFO  o.s.b.w.s.c.ServletWebServerApplicationContext - Root WebApplicationContext: initialization completed in 1828 ms
2025-11-14 21:02:59 [main] INFO  o.h.jpa.internal.util.LogHelper - HHH000204: Processing PersistenceUnitInfo [name: default]
2025-11-14 21:02:59 [main] INFO  org.hibernate.Version - HHH000412: Hibernate ORM core version 6.6.33.Final
2025-11-14 21:02:59 [main] INFO  o.h.c.i.RegionFactoryInitiator - HHH000026: Second-level cache disabled
2025-11-14 21:03:00 [main] INFO  o.s.o.j.p.SpringPersistenceUnitInfo - No LoadTimeWeaver setup: ignoring JPA class transformer
2025-11-14 21:03:00 [main] INFO  com.zaxxer.hikari.HikariDataSource - HikariPool-1 - Starting...
2025-11-14 21:03:00 [main] INFO  com.zaxxer.hikari.pool.HikariPool - HikariPool-1 - Added connection org.postgresql.jdbc.PgConnection@2b1d1a5
2025-11-14 21:03:00 [main] INFO  com.zaxxer.hikari.HikariDataSource - HikariPool-1 - Start completed.
2025-11-14 21:03:00 [main] WARN  org.hibernate.orm.deprecation - HHH90000025: PostgreSQLDialect does not need to be specified explicitly using 'hibernate.dialect' (remove the property setting and it will be selected by default)
2025-11-14 21:03:00 [main] INFO  o.hibernate.orm.connections.pooling - HHH10001005: Database info:
	Database JDBC URL [Connecting through datasource 'HikariDataSource (HikariPool-1)']
	Database driver: undefined/unknown
	Database version: 15.7
	Autocommit mode: undefined/unknown
	Isolation level: undefined/unknown
	Minimum pool size: undefined/unknown
	Maximum pool size: undefined/unknown
2025-11-14 21:03:01 [main] INFO  o.h.e.t.j.p.i.JtaPlatformInitiator - HHH000489: No JTA platform available (set 'hibernate.transaction.jta.platform' to enable JTA platform integration)
2025-11-14 21:03:01 [main] INFO  o.s.o.j.LocalContainerEntityManagerFactoryBean - Initialized JPA EntityManagerFactory for persistence unit 'default'
2025-11-14 21:03:01 [main] INFO  o.s.d.j.r.query.QueryEnhancerFactory - Hibernate is in classpath; If applicable, HQL parser will be used.
2025-11-14 21:03:02 [main] WARN  o.s.b.a.o.j.JpaBaseConfiguration$JpaWebConfiguration - spring.jpa.open-in-view is enabled by default. Therefore, database queries may be performed during view rendering. Explicitly configure spring.jpa.open-in-view to disable this warning
2025-11-14 21:03:03 [main] INFO  o.s.b.w.e.tomcat.TomcatWebServer - Tomcat started on port 8082 (http) with context path '/'
2025-11-14 21:03:03 [main] INFO  c.prueba.cuentas.CuentasApplication - Started CuentasApplication in 6.388 seconds (process running for 7.493)
2025-11-14 21:03:08 [http-nio-8082-exec-2] INFO  o.a.c.c.C.[Tomcat].[localhost].[/] - Initializing Spring DispatcherServlet 'dispatcherServlet'
2025-11-14 21:03:08 [http-nio-8082-exec-2] INFO  o.s.web.servlet.DispatcherServlet - Initializing Servlet 'dispatcherServlet'
2025-11-14 21:03:08 [http-nio-8082-exec-2] INFO  o.s.web.servlet.DispatcherServlet - Completed initialization in 2 ms
2025-11-14 21:26:49 [SpringApplicationShutdownHook] INFO  o.s.b.w.e.tomcat.GracefulShutdown - Commencing graceful shutdown. Waiting for active requests to complete
2025-11-14 21:26:49 [tomcat-shutdown] INFO  o.s.b.w.e.tomcat.GracefulShutdown - Graceful shutdown complete
2025-11-14 21:26:49 [SpringApplicationShutdownHook] INFO  o.s.o.j.LocalContainerEntityManagerFactoryBean - Closing JPA EntityManagerFactory for persistence unit 'default'
2025-11-14 21:26:49 [SpringApplicationShutdownHook] INFO  com.zaxxer.hikari.HikariDataSource - HikariPool-1 - Shutdown initiated...
2025-11-14 21:26:49 [SpringApplicationShutdownHook] INFO  com.zaxxer.hikari.HikariDataSource - HikariPool-1 - Shutdown completed.
