2025-11-15 00:53:42 [SpringApplicationShutdownHook] INFO  o.s.b.w.e.tomcat.GracefulShutdown - Commencing graceful shutdown. Waiting for active requests to complete
2025-11-15 00:53:42 [tomcat-shutdown] INFO  o.s.b.w.e.tomcat.GracefulShutdown - Graceful shutdown complete
2025-11-15 00:53:42 [SpringApplicationShutdownHook] INFO  o.s.o.j.LocalContainerEntityManagerFactoryBean - Closing JPA EntityManagerFactory for persistence unit 'default'
2025-11-15 00:53:42 [SpringApplicationShutdownHook] INFO  com.zaxxer.hikari.HikariDataSource - HikariPool-1 - Shutdown initiated...
2025-11-15 00:53:42 [SpringApplicationShutdownHook] INFO  com.zaxxer.hikari.HikariDataSource - HikariPool-1 - Shutdown completed.
2025-11-15 06:19:22 [main] INFO  c.p.clientes.ClientesApplication - Starting ClientesApplication v0.0.1-SNAPSHOT using Java 21.0.9 with PID 7 (/app/app.jar started by root in /app)
2025-11-15 06:19:24 [main] INFO  c.p.clientes.ClientesApplication - No active profile set, falling back to 1 default profile: "default"
2025-11-15 06:19:26 [main] INFO  o.s.d.r.c.RepositoryConfigurationDelegate - Bootstrapping Spring Data JPA repositories in DEFAULT mode.
2025-11-15 06:19:27 [main] INFO  o.s.d.r.c.RepositoryConfigurationDelegate - Finished Spring Data repository scanning in 183 ms. Found 1 JPA repository interface.
2025-11-15 06:19:30 [main] INFO  o.s.b.w.e.tomcat.TomcatWebServer - Tomcat initialized with port 8081 (http)
2025-11-15 06:19:30 [main] INFO  o.a.catalina.core.StandardService - Starting service [Tomcat]
2025-11-15 06:19:30 [main] INFO  o.a.catalina.core.StandardEngine - Starting Servlet engine: [Apache Tomcat/10.1.48]
2025-11-15 06:19:30 [main] INFO  o.a.c.c.C.[Tomcat].[localhost].[/] - Initializing Spring embedded WebApplicationContext
2025-11-15 06:19:30 [main] INFO  o.s.b.w.s.c.ServletWebServerApplicationContext - Root WebApplicationContext: initialization completed in 6008 ms
2025-11-15 06:19:31 [main] INFO  com.zaxxer.hikari.HikariDataSource - HikariPool-1 - Starting...
2025-11-15 06:19:32 [main] INFO  com.zaxxer.hikari.pool.HikariPool - HikariPool-1 - Added connection org.postgresql.jdbc.PgConnection@5a622fe8
2025-11-15 06:19:32 [main] INFO  com.zaxxer.hikari.HikariDataSource - HikariPool-1 - Start completed.
2025-11-15 06:19:32 [main] INFO  o.h.jpa.internal.util.LogHelper - HHH000204: Processing PersistenceUnitInfo [name: default]
2025-11-15 06:19:33 [main] INFO  org.hibernate.Version - HHH000412: Hibernate ORM core version 6.6.33.Final
2025-11-15 06:19:33 [main] INFO  o.h.c.i.RegionFactoryInitiator - HHH000026: Second-level cache disabled
2025-11-15 06:19:35 [main] INFO  o.s.o.j.p.SpringPersistenceUnitInfo - No LoadTimeWeaver setup: ignoring JPA class transformer
2025-11-15 06:19:35 [main] WARN  org.hibernate.orm.deprecation - HHH90000025: PostgreSQLDialect does not need to be specified explicitly using 'hibernate.dialect' (remove the property setting and it will be selected by default)
2025-11-15 06:19:35 [main] INFO  o.hibernate.orm.connections.pooling - HHH10001005: Database info:
	Database JDBC URL [Connecting through datasource 'HikariDataSource (HikariPool-1)']
	Database driver: undefined/unknown
	Database version: 13.23
	Autocommit mode: undefined/unknown
	Isolation level: undefined/unknown
	Minimum pool size: undefined/unknown
	Maximum pool size: undefined/unknown
2025-11-15 06:19:37 [main] INFO  o.h.e.t.j.p.i.JtaPlatformInitiator - HHH000489: No JTA platform available (set 'hibernate.transaction.jta.platform' to enable JTA platform integration)
2025-11-15 06:19:37 [main] DEBUG org.hibernate.SQL - create table cliente (cliente_id varchar(50) not null, contrasena varchar(100) not null, estado boolean not null, persona_id bigint not null, primary key (persona_id))
2025-11-15 06:19:37 [main] DEBUG org.hibernate.SQL - create table persona (id bigint generated by default as identity, direccion varchar(255), edad integer, genero varchar(255), identificacion varchar(255), nombre varchar(255), telefono varchar(255), primary key (id))
2025-11-15 06:19:37 [main] DEBUG org.hibernate.SQL - alter table if exists cliente drop constraint if exists UKkou3iuyp26clwwj9m5d0e6t0l
2025-11-15 06:19:37 [main] WARN  o.h.e.jdbc.spi.SqlExceptionHelper - SQL Warning Code: 0, SQLState: 00000
2025-11-15 06:19:37 [main] WARN  o.h.e.jdbc.spi.SqlExceptionHelper - constraint "ukkou3iuyp26clwwj9m5d0e6t0l" of relation "cliente" does not exist, skipping
2025-11-15 06:19:37 [main] DEBUG org.hibernate.SQL - alter table if exists cliente add constraint UKkou3iuyp26clwwj9m5d0e6t0l unique (cliente_id)
2025-11-15 06:19:37 [main] DEBUG org.hibernate.SQL - alter table if exists persona drop constraint if exists UKr5vsms84ih2viwd6tatk9o5pq
2025-11-15 06:19:37 [main] WARN  o.h.e.jdbc.spi.SqlExceptionHelper - SQL Warning Code: 0, SQLState: 00000
2025-11-15 06:19:37 [main] WARN  o.h.e.jdbc.spi.SqlExceptionHelper - constraint "ukr5vsms84ih2viwd6tatk9o5pq" of relation "persona" does not exist, skipping
2025-11-15 06:19:37 [main] DEBUG org.hibernate.SQL - alter table if exists persona add constraint UKr5vsms84ih2viwd6tatk9o5pq unique (identificacion)
2025-11-15 06:19:37 [main] DEBUG org.hibernate.SQL - alter table if exists cliente add constraint FKmc52upywn8gona2iiwwwphb92 foreign key (persona_id) references persona
2025-11-15 06:19:37 [main] INFO  o.s.o.j.LocalContainerEntityManagerFactoryBean - Initialized JPA EntityManagerFactory for persistence unit 'default'
2025-11-15 06:19:39 [main] INFO  o.s.d.j.r.query.QueryEnhancerFactory - Hibernate is in classpath; If applicable, HQL parser will be used.
2025-11-15 06:19:42 [main] WARN  o.s.b.a.o.j.JpaBaseConfiguration$JpaWebConfiguration - spring.jpa.open-in-view is enabled by default. Therefore, database queries may be performed during view rendering. Explicitly configure spring.jpa.open-in-view to disable this warning
2025-11-15 06:19:46 [main] INFO  o.s.b.w.e.tomcat.TomcatWebServer - Tomcat started on port 8081 (http) with context path '/'
2025-11-15 06:19:46 [main] INFO  c.p.clientes.ClientesApplication - Started ClientesApplication in 25.023 seconds (process running for 27.183)
2025-11-15 06:19:50 [http-nio-8081-exec-1] INFO  o.a.c.c.C.[Tomcat].[localhost].[/] - Initializing Spring DispatcherServlet 'dispatcherServlet'
2025-11-15 06:19:50 [http-nio-8081-exec-1] INFO  o.s.web.servlet.DispatcherServlet - Initializing Servlet 'dispatcherServlet'
2025-11-15 06:19:50 [http-nio-8081-exec-1] INFO  o.s.web.servlet.DispatcherServlet - Completed initialization in 2 ms
2025-11-15 06:19:50 [http-nio-8081-exec-1] WARN  c.p.c.e.ClientesExceptionHandler - uri=/actuator/health;client=0:0:0:0:0:0:0:1
2025-11-15 06:19:50 [http-nio-8081-exec-1] ERROR c.p.c.e.ClientesExceptionHandler - No static resource actuator/health.
2025-11-15 06:19:53 [http-nio-8081-exec-3] INFO  c.p.c.p.s.impl.ClienteServiceImpl - Ingresa a crear un cliente Rodrigo Heredia
2025-11-15 06:19:53 [http-nio-8081-exec-3] DEBUG org.hibernate.SQL - select ce1_0.persona_id from cliente ce1_0 join persona ce1_1 on ce1_0.persona_id=ce1_1.id where ce1_1.identificacion=? fetch first ? rows only
2025-11-15 06:19:54 [http-nio-8081-exec-3] DEBUG org.hibernate.SQL - insert into persona (direccion,edad,genero,identificacion,nombre,telefono) values (?,?,?,?,?,?)
2025-11-15 06:19:54 [http-nio-8081-exec-3] DEBUG org.hibernate.SQL - insert into cliente (cliente_id,contrasena,estado,persona_id) values (?,?,?,?)
2025-11-15 06:19:55 [http-nio-8081-exec-4] WARN  c.p.c.e.ClientesExceptionHandler - uri=/actuator/health;client=0:0:0:0:0:0:0:1
2025-11-15 06:19:55 [http-nio-8081-exec-4] ERROR c.p.c.e.ClientesExceptionHandler - No static resource actuator/health.
2025-11-15 06:20:00 [http-nio-8081-exec-5] WARN  c.p.c.e.ClientesExceptionHandler - uri=/actuator/health;client=0:0:0:0:0:0:0:1
2025-11-15 06:20:00 [http-nio-8081-exec-5] ERROR c.p.c.e.ClientesExceptionHandler - No static resource actuator/health.
2025-11-15 06:20:05 [http-nio-8081-exec-6] WARN  c.p.c.e.ClientesExceptionHandler - uri=/actuator/health;client=0:0:0:0:0:0:0:1
2025-11-15 06:20:05 [http-nio-8081-exec-6] ERROR c.p.c.e.ClientesExceptionHandler - No static resource actuator/health.
2025-11-15 06:20:11 [http-nio-8081-exec-7] WARN  c.p.c.e.ClientesExceptionHandler - uri=/actuator/health;client=0:0:0:0:0:0:0:1
2025-11-15 06:20:11 [http-nio-8081-exec-7] ERROR c.p.c.e.ClientesExceptionHandler - No static resource actuator/health.
2025-11-15 06:20:16 [http-nio-8081-exec-8] WARN  c.p.c.e.ClientesExceptionHandler - uri=/actuator/health;client=0:0:0:0:0:0:0:1
2025-11-15 06:20:16 [http-nio-8081-exec-8] ERROR c.p.c.e.ClientesExceptionHandler - No static resource actuator/health.
2025-11-15 06:20:21 [http-nio-8081-exec-9] WARN  c.p.c.e.ClientesExceptionHandler - uri=/actuator/health;client=0:0:0:0:0:0:0:1
2025-11-15 06:20:21 [http-nio-8081-exec-9] ERROR c.p.c.e.ClientesExceptionHandler - No static resource actuator/health.
2025-11-15 06:20:34 [http-nio-8081-exec-10] INFO  c.p.c.p.s.impl.ClienteServiceImpl - Ingresa a crear un cliente Andres Alquinga
2025-11-15 06:20:34 [http-nio-8081-exec-10] DEBUG org.hibernate.SQL - select ce1_0.persona_id from cliente ce1_0 join persona ce1_1 on ce1_0.persona_id=ce1_1.id where ce1_1.identificacion=? fetch first ? rows only
2025-11-15 06:20:34 [http-nio-8081-exec-10] DEBUG org.hibernate.SQL - insert into persona (direccion,edad,genero,identificacion,nombre,telefono) values (?,?,?,?,?,?)
2025-11-15 06:20:34 [http-nio-8081-exec-10] DEBUG org.hibernate.SQL - insert into cliente (cliente_id,contrasena,estado,persona_id) values (?,?,?,?)
2025-11-15 06:20:51 [http-nio-8081-exec-1] WARN  c.p.c.e.ClientesExceptionHandler - uri=/actuator/health;client=0:0:0:0:0:0:0:1
2025-11-15 06:20:51 [http-nio-8081-exec-1] ERROR c.p.c.e.ClientesExceptionHandler - No static resource actuator/health.
2025-11-15 06:21:21 [http-nio-8081-exec-2] WARN  c.p.c.e.ClientesExceptionHandler - uri=/actuator/health;client=0:0:0:0:0:0:0:1
2025-11-15 06:21:21 [http-nio-8081-exec-2] ERROR c.p.c.e.ClientesExceptionHandler - No static resource actuator/health.
2025-11-15 06:21:51 [http-nio-8081-exec-4] WARN  c.p.c.e.ClientesExceptionHandler - uri=/actuator/health;client=0:0:0:0:0:0:0:1
2025-11-15 06:21:51 [http-nio-8081-exec-4] ERROR c.p.c.e.ClientesExceptionHandler - No static resource actuator/health.
2025-11-15 06:22:21 [http-nio-8081-exec-5] WARN  c.p.c.e.ClientesExceptionHandler - uri=/actuator/health;client=0:0:0:0:0:0:0:1
2025-11-15 06:22:21 [http-nio-8081-exec-5] ERROR c.p.c.e.ClientesExceptionHandler - No static resource actuator/health.
2025-11-15 06:22:51 [http-nio-8081-exec-6] WARN  c.p.c.e.ClientesExceptionHandler - uri=/actuator/health;client=0:0:0:0:0:0:0:1
2025-11-15 06:22:51 [http-nio-8081-exec-6] ERROR c.p.c.e.ClientesExceptionHandler - No static resource actuator/health.
2025-11-15 06:23:21 [http-nio-8081-exec-7] WARN  c.p.c.e.ClientesExceptionHandler - uri=/actuator/health;client=0:0:0:0:0:0:0:1
2025-11-15 06:23:21 [http-nio-8081-exec-7] ERROR c.p.c.e.ClientesExceptionHandler - No static resource actuator/health.
2025-11-15 06:23:51 [http-nio-8081-exec-8] WARN  c.p.c.e.ClientesExceptionHandler - uri=/actuator/health;client=0:0:0:0:0:0:0:1
2025-11-15 06:23:51 [http-nio-8081-exec-8] ERROR c.p.c.e.ClientesExceptionHandler - No static resource actuator/health.
2025-11-15 06:24:22 [http-nio-8081-exec-9] WARN  c.p.c.e.ClientesExceptionHandler - uri=/actuator/health;client=0:0:0:0:0:0:0:1
2025-11-15 06:24:22 [http-nio-8081-exec-9] ERROR c.p.c.e.ClientesExceptionHandler - No static resource actuator/health.
2025-11-15 06:24:52 [http-nio-8081-exec-10] WARN  c.p.c.e.ClientesExceptionHandler - uri=/actuator/health;client=0:0:0:0:0:0:0:1
2025-11-15 06:24:52 [http-nio-8081-exec-10] ERROR c.p.c.e.ClientesExceptionHandler - No static resource actuator/health.
2025-11-15 06:25:22 [http-nio-8081-exec-1] WARN  c.p.c.e.ClientesExceptionHandler - uri=/actuator/health;client=0:0:0:0:0:0:0:1
2025-11-15 06:25:22 [http-nio-8081-exec-1] ERROR c.p.c.e.ClientesExceptionHandler - No static resource actuator/health.
2025-11-15 06:25:52 [http-nio-8081-exec-2] WARN  c.p.c.e.ClientesExceptionHandler - uri=/actuator/health;client=0:0:0:0:0:0:0:1
2025-11-15 06:25:52 [http-nio-8081-exec-2] ERROR c.p.c.e.ClientesExceptionHandler - No static resource actuator/health.
2025-11-15 06:26:22 [http-nio-8081-exec-3] WARN  c.p.c.e.ClientesExceptionHandler - uri=/actuator/health;client=0:0:0:0:0:0:0:1
2025-11-15 06:26:22 [http-nio-8081-exec-3] ERROR c.p.c.e.ClientesExceptionHandler - No static resource actuator/health.
2025-11-15 06:26:52 [http-nio-8081-exec-4] WARN  c.p.c.e.ClientesExceptionHandler - uri=/actuator/health;client=0:0:0:0:0:0:0:1
2025-11-15 06:26:52 [http-nio-8081-exec-4] ERROR c.p.c.e.ClientesExceptionHandler - No static resource actuator/health.
2025-11-15 06:27:22 [http-nio-8081-exec-5] WARN  c.p.c.e.ClientesExceptionHandler - uri=/actuator/health;client=0:0:0:0:0:0:0:1
2025-11-15 06:27:22 [http-nio-8081-exec-5] ERROR c.p.c.e.ClientesExceptionHandler - No static resource actuator/health.
2025-11-15 07:06:10 [main] INFO  c.p.clientes.ClientesApplication - Starting ClientesApplication v0.0.1-SNAPSHOT using Java 21.0.9 with PID 7 (/app/app.jar started by root in /app)
2025-11-15 07:06:10 [main] INFO  c.p.clientes.ClientesApplication - No active profile set, falling back to 1 default profile: "default"
2025-11-15 07:06:17 [main] INFO  o.s.d.r.c.RepositoryConfigurationDelegate - Bootstrapping Spring Data JPA repositories in DEFAULT mode.
2025-11-15 07:06:18 [main] INFO  o.s.d.r.c.RepositoryConfigurationDelegate - Finished Spring Data repository scanning in 285 ms. Found 1 JPA repository interface.
2025-11-15 07:06:21 [main] INFO  o.s.b.w.e.tomcat.TomcatWebServer - Tomcat initialized with port 8081 (http)
2025-11-15 07:06:21 [main] INFO  o.a.catalina.core.StandardService - Starting service [Tomcat]
2025-11-15 07:06:21 [main] INFO  o.a.catalina.core.StandardEngine - Starting Servlet engine: [Apache Tomcat/10.1.48]
2025-11-15 07:06:22 [main] INFO  o.a.c.c.C.[Tomcat].[localhost].[/] - Initializing Spring embedded WebApplicationContext
2025-11-15 07:06:22 [main] INFO  o.s.b.w.s.c.ServletWebServerApplicationContext - Root WebApplicationContext: initialization completed in 11301 ms
2025-11-15 07:06:23 [main] INFO  com.zaxxer.hikari.HikariDataSource - HikariPool-1 - Starting...
2025-11-15 07:06:24 [main] INFO  com.zaxxer.hikari.pool.HikariPool - HikariPool-1 - Added connection org.postgresql.jdbc.PgConnection@653fb8d1
2025-11-15 07:06:24 [main] INFO  com.zaxxer.hikari.HikariDataSource - HikariPool-1 - Start completed.
2025-11-15 07:06:25 [main] INFO  o.h.jpa.internal.util.LogHelper - HHH000204: Processing PersistenceUnitInfo [name: default]
2025-11-15 07:06:26 [main] INFO  org.hibernate.Version - HHH000412: Hibernate ORM core version 6.6.33.Final
2025-11-15 07:06:26 [main] INFO  o.h.c.i.RegionFactoryInitiator - HHH000026: Second-level cache disabled
2025-11-15 07:06:28 [main] INFO  o.s.o.j.p.SpringPersistenceUnitInfo - No LoadTimeWeaver setup: ignoring JPA class transformer
2025-11-15 07:06:29 [main] WARN  org.hibernate.orm.deprecation - HHH90000025: PostgreSQLDialect does not need to be specified explicitly using 'hibernate.dialect' (remove the property setting and it will be selected by default)
2025-11-15 07:06:29 [main] INFO  o.hibernate.orm.connections.pooling - HHH10001005: Database info:
	Database JDBC URL [Connecting through datasource 'HikariDataSource (HikariPool-1)']
	Database driver: undefined/unknown
	Database version: 13.23
	Autocommit mode: undefined/unknown
	Isolation level: undefined/unknown
	Minimum pool size: undefined/unknown
	Maximum pool size: undefined/unknown
2025-11-15 07:06:32 [main] INFO  o.h.e.t.j.p.i.JtaPlatformInitiator - HHH000489: No JTA platform available (set 'hibernate.transaction.jta.platform' to enable JTA platform integration)
2025-11-15 07:06:33 [main] INFO  o.s.o.j.LocalContainerEntityManagerFactoryBean - Initialized JPA EntityManagerFactory for persistence unit 'default'
2025-11-15 07:06:35 [main] INFO  o.s.d.j.r.query.QueryEnhancerFactory - Hibernate is in classpath; If applicable, HQL parser will be used.
2025-11-15 07:06:39 [main] WARN  o.s.b.a.o.j.JpaBaseConfiguration$JpaWebConfiguration - spring.jpa.open-in-view is enabled by default. Therefore, database queries may be performed during view rendering. Explicitly configure spring.jpa.open-in-view to disable this warning
2025-11-15 07:06:44 [main] INFO  o.s.b.w.e.tomcat.TomcatWebServer - Tomcat started on port 8081 (http) with context path '/'
2025-11-15 07:06:44 [main] INFO  c.p.clientes.ClientesApplication - Started ClientesApplication in 36.529 seconds (process running for 40.788)
2025-11-15 07:06:47 [http-nio-8081-exec-1] INFO  o.a.c.c.C.[Tomcat].[localhost].[/] - Initializing Spring DispatcherServlet 'dispatcherServlet'
2025-11-15 07:06:47 [http-nio-8081-exec-1] INFO  o.s.web.servlet.DispatcherServlet - Initializing Servlet 'dispatcherServlet'
2025-11-15 07:06:47 [http-nio-8081-exec-1] INFO  o.s.web.servlet.DispatcherServlet - Completed initialization in 6 ms
2025-11-15 07:06:47 [http-nio-8081-exec-1] WARN  c.p.c.e.ClientesExceptionHandler - uri=/actuator/health;client=0:0:0:0:0:0:0:1
2025-11-15 07:06:47 [http-nio-8081-exec-1] ERROR c.p.c.e.ClientesExceptionHandler - No static resource actuator/health.
2025-11-15 07:06:52 [http-nio-8081-exec-2] WARN  c.p.c.e.ClientesExceptionHandler - uri=/actuator/health;client=0:0:0:0:0:0:0:1
2025-11-15 07:06:52 [http-nio-8081-exec-2] ERROR c.p.c.e.ClientesExceptionHandler - No static resource actuator/health.
2025-11-15 07:06:52 [http-nio-8081-exec-3] WARN  c.p.c.e.ClientesExceptionHandler - uri=/actuator/health;client=172.18.0.1
2025-11-15 07:06:52 [http-nio-8081-exec-3] ERROR c.p.c.e.ClientesExceptionHandler - No static resource actuator/health.
2025-11-15 07:06:57 [http-nio-8081-exec-4] WARN  c.p.c.e.ClientesExceptionHandler - uri=/actuator/health;client=0:0:0:0:0:0:0:1
2025-11-15 07:06:57 [http-nio-8081-exec-4] ERROR c.p.c.e.ClientesExceptionHandler - No static resource actuator/health.
2025-11-15 07:07:02 [http-nio-8081-exec-5] WARN  c.p.c.e.ClientesExceptionHandler - uri=/actuator/health;client=0:0:0:0:0:0:0:1
2025-11-15 07:07:02 [http-nio-8081-exec-5] ERROR c.p.c.e.ClientesExceptionHandler - No static resource actuator/health.
2025-11-15 07:07:03 [http-nio-8081-exec-6] WARN  c.p.c.e.ClientesExceptionHandler - uri=/actuator/health;client=172.18.0.1
2025-11-15 07:07:03 [http-nio-8081-exec-6] ERROR c.p.c.e.ClientesExceptionHandler - No static resource actuator/health.
2025-11-15 07:07:13 [http-nio-8081-exec-7] WARN  c.p.c.e.ClientesExceptionHandler - uri=/actuator/health;client=172.18.0.1
2025-11-15 07:07:13 [http-nio-8081-exec-7] ERROR c.p.c.e.ClientesExceptionHandler - No static resource actuator/health.
2025-11-15 07:07:23 [http-nio-8081-exec-8] WARN  c.p.c.e.ClientesExceptionHandler - uri=/actuator/health;client=172.18.0.1
2025-11-15 07:07:23 [http-nio-8081-exec-8] ERROR c.p.c.e.ClientesExceptionHandler - No static resource actuator/health.
2025-11-15 07:07:33 [http-nio-8081-exec-9] WARN  c.p.c.e.ClientesExceptionHandler - uri=/actuator/health;client=0:0:0:0:0:0:0:1
2025-11-15 07:07:33 [http-nio-8081-exec-9] ERROR c.p.c.e.ClientesExceptionHandler - No static resource actuator/health.
2025-11-15 07:07:33 [http-nio-8081-exec-10] WARN  c.p.c.e.ClientesExceptionHandler - uri=/actuator/health;client=172.18.0.1
2025-11-15 07:07:33 [http-nio-8081-exec-10] ERROR c.p.c.e.ClientesExceptionHandler - No static resource actuator/health.
2025-11-15 07:07:39 [http-nio-8081-exec-2] DEBUG org.hibernate.SQL - select ce1_0.persona_id,ce1_1.direccion,ce1_1.edad,ce1_1.genero,ce1_1.identificacion,ce1_1.nombre,ce1_1.telefono,ce1_0.cliente_id,ce1_0.contrasena,ce1_0.estado from cliente ce1_0 join persona ce1_1 on ce1_0.persona_id=ce1_1.id where ce1_1.identificacion=? and ce1_0.estado=?
2025-11-15 07:07:39 [http-nio-8081-exec-2] WARN  c.p.c.e.ClientesExceptionHandler - uri=/api/clientes/1754125258;client=172.18.0.1
2025-11-15 07:07:39 [http-nio-8081-exec-2] ERROR c.p.c.e.ClientesExceptionHandler - Cliente no encontrado
2025-11-15 07:07:43 [http-nio-8081-exec-3] WARN  c.p.c.e.ClientesExceptionHandler - uri=/actuator/health;client=172.18.0.1
2025-11-15 07:07:43 [http-nio-8081-exec-3] ERROR c.p.c.e.ClientesExceptionHandler - No static resource actuator/health.
2025-11-15 07:07:54 [http-nio-8081-exec-4] WARN  c.p.c.e.ClientesExceptionHandler - uri=/actuator/health;client=172.18.0.1
2025-11-15 07:07:54 [http-nio-8081-exec-4] ERROR c.p.c.e.ClientesExceptionHandler - No static resource actuator/health.
2025-11-15 07:08:03 [http-nio-8081-exec-5] WARN  c.p.c.e.ClientesExceptionHandler - uri=/actuator/health;client=0:0:0:0:0:0:0:1
2025-11-15 07:08:03 [http-nio-8081-exec-5] ERROR c.p.c.e.ClientesExceptionHandler - No static resource actuator/health.
2025-11-15 07:08:04 [http-nio-8081-exec-6] WARN  c.p.c.e.ClientesExceptionHandler - uri=/actuator/health;client=172.18.0.1
2025-11-15 07:08:04 [http-nio-8081-exec-6] ERROR c.p.c.e.ClientesExceptionHandler - No static resource actuator/health.
2025-11-15 07:08:14 [http-nio-8081-exec-7] WARN  c.p.c.e.ClientesExceptionHandler - uri=/actuator/health;client=172.18.0.1
2025-11-15 07:08:14 [http-nio-8081-exec-7] ERROR c.p.c.e.ClientesExceptionHandler - No static resource actuator/health.
2025-11-15 07:08:24 [http-nio-8081-exec-8] WARN  c.p.c.e.ClientesExceptionHandler - uri=/actuator/health;client=172.18.0.1
2025-11-15 07:08:24 [http-nio-8081-exec-8] ERROR c.p.c.e.ClientesExceptionHandler - No static resource actuator/health.
2025-11-15 07:08:33 [http-nio-8081-exec-9] WARN  c.p.c.e.ClientesExceptionHandler - uri=/actuator/health;client=0:0:0:0:0:0:0:1
2025-11-15 07:08:33 [http-nio-8081-exec-9] ERROR c.p.c.e.ClientesExceptionHandler - No static resource actuator/health.
2025-11-15 07:08:34 [http-nio-8081-exec-10] DEBUG org.hibernate.SQL - select ce1_0.persona_id,ce1_1.direccion,ce1_1.edad,ce1_1.genero,ce1_1.identificacion,ce1_1.nombre,ce1_1.telefono,ce1_0.cliente_id,ce1_0.contrasena,ce1_0.estado from cliente ce1_0 join persona ce1_1 on ce1_0.persona_id=ce1_1.id where ce1_1.identificacion=? and ce1_0.estado=?
2025-11-15 07:08:35 [http-nio-8081-exec-1] WARN  c.p.c.e.ClientesExceptionHandler - uri=/actuator/health;client=172.18.0.1
2025-11-15 07:08:35 [http-nio-8081-exec-1] ERROR c.p.c.e.ClientesExceptionHandler - No static resource actuator/health.
2025-11-15 07:08:45 [http-nio-8081-exec-2] WARN  c.p.c.e.ClientesExceptionHandler - uri=/actuator/health;client=172.18.0.1
2025-11-15 07:08:45 [http-nio-8081-exec-2] ERROR c.p.c.e.ClientesExceptionHandler - No static resource actuator/health.
2025-11-15 07:08:47 [http-nio-8081-exec-3] WARN  c.p.c.e.ClientesExceptionHandler - uri=/actuator/health;client=172.18.0.1
2025-11-15 07:08:47 [http-nio-8081-exec-3] ERROR c.p.c.e.ClientesExceptionHandler - No static resource actuator/health.
2025-11-15 07:08:48 [http-nio-8081-exec-4] WARN  c.p.c.e.ClientesExceptionHandler - uri=/favicon.ico;client=172.18.0.1
2025-11-15 07:08:48 [http-nio-8081-exec-4] ERROR c.p.c.e.ClientesExceptionHandler - No static resource favicon.ico.
2025-11-15 07:08:55 [http-nio-8081-exec-5] WARN  c.p.c.e.ClientesExceptionHandler - uri=/actuator/health;client=172.18.0.1
2025-11-15 07:08:55 [http-nio-8081-exec-5] ERROR c.p.c.e.ClientesExceptionHandler - No static resource actuator/health.
2025-11-15 07:09:03 [http-nio-8081-exec-6] WARN  c.p.c.e.ClientesExceptionHandler - uri=/actuator/health;client=0:0:0:0:0:0:0:1
2025-11-15 07:09:03 [http-nio-8081-exec-6] ERROR c.p.c.e.ClientesExceptionHandler - No static resource actuator/health.
2025-11-15 07:14:08 [main] INFO  c.p.clientes.ClientesApplication - Starting ClientesApplication v0.0.1-SNAPSHOT using Java 21.0.9 with PID 7 (/app/app.jar started by root in /app)
2025-11-15 07:14:08 [main] INFO  c.p.clientes.ClientesApplication - No active profile set, falling back to 1 default profile: "default"
2025-11-15 07:14:12 [main] INFO  o.s.d.r.c.RepositoryConfigurationDelegate - Bootstrapping Spring Data JPA repositories in DEFAULT mode.
2025-11-15 07:14:13 [main] INFO  o.s.d.r.c.RepositoryConfigurationDelegate - Finished Spring Data repository scanning in 119 ms. Found 1 JPA repository interface.
2025-11-15 07:14:15 [main] INFO  o.s.b.w.e.tomcat.TomcatWebServer - Tomcat initialized with port 8081 (http)
2025-11-15 07:14:15 [main] INFO  o.a.catalina.core.StandardService - Starting service [Tomcat]
2025-11-15 07:14:15 [main] INFO  o.a.catalina.core.StandardEngine - Starting Servlet engine: [Apache Tomcat/10.1.48]
2025-11-15 07:14:16 [main] INFO  o.a.c.c.C.[Tomcat].[localhost].[/] - Initializing Spring embedded WebApplicationContext
2025-11-15 07:14:16 [main] INFO  o.s.b.w.s.c.ServletWebServerApplicationContext - Root WebApplicationContext: initialization completed in 6983 ms
2025-11-15 07:14:16 [main] INFO  com.zaxxer.hikari.HikariDataSource - HikariPool-1 - Starting...
2025-11-15 07:14:17 [main] INFO  com.zaxxer.hikari.pool.HikariPool - HikariPool-1 - Added connection org.postgresql.jdbc.PgConnection@2506e949
2025-11-15 07:14:17 [main] INFO  com.zaxxer.hikari.HikariDataSource - HikariPool-1 - Start completed.
2025-11-15 07:14:17 [main] INFO  o.h.jpa.internal.util.LogHelper - HHH000204: Processing PersistenceUnitInfo [name: default]
2025-11-15 07:14:18 [main] INFO  org.hibernate.Version - HHH000412: Hibernate ORM core version 6.6.33.Final
2025-11-15 07:14:18 [main] INFO  o.h.c.i.RegionFactoryInitiator - HHH000026: Second-level cache disabled
2025-11-15 07:14:20 [main] INFO  o.s.o.j.p.SpringPersistenceUnitInfo - No LoadTimeWeaver setup: ignoring JPA class transformer
2025-11-15 07:14:21 [main] WARN  org.hibernate.orm.deprecation - HHH90000025: PostgreSQLDialect does not need to be specified explicitly using 'hibernate.dialect' (remove the property setting and it will be selected by default)
2025-11-15 07:14:21 [main] INFO  o.hibernate.orm.connections.pooling - HHH10001005: Database info:
	Database JDBC URL [Connecting through datasource 'HikariDataSource (HikariPool-1)']
	Database driver: undefined/unknown
	Database version: 13.23
	Autocommit mode: undefined/unknown
	Isolation level: undefined/unknown
	Minimum pool size: undefined/unknown
	Maximum pool size: undefined/unknown
2025-11-15 07:14:23 [main] INFO  o.h.e.t.j.p.i.JtaPlatformInitiator - HHH000489: No JTA platform available (set 'hibernate.transaction.jta.platform' to enable JTA platform integration)
2025-11-15 07:14:24 [main] INFO  o.s.o.j.LocalContainerEntityManagerFactoryBean - Initialized JPA EntityManagerFactory for persistence unit 'default'
2025-11-15 07:14:25 [main] INFO  o.s.d.j.r.query.QueryEnhancerFactory - Hibernate is in classpath; If applicable, HQL parser will be used.
2025-11-15 07:14:28 [main] WARN  o.s.b.a.o.j.JpaBaseConfiguration$JpaWebConfiguration - spring.jpa.open-in-view is enabled by default. Therefore, database queries may be performed during view rendering. Explicitly configure spring.jpa.open-in-view to disable this warning
2025-11-15 07:14:31 [main] INFO  o.s.b.w.e.tomcat.TomcatWebServer - Tomcat started on port 8081 (http) with context path '/'
2025-11-15 07:14:32 [main] INFO  c.p.clientes.ClientesApplication - Started ClientesApplication in 25.944 seconds (process running for 28.666)
2025-11-15 07:14:35 [http-nio-8081-exec-1] INFO  o.a.c.c.C.[Tomcat].[localhost].[/] - Initializing Spring DispatcherServlet 'dispatcherServlet'
2025-11-15 07:14:35 [http-nio-8081-exec-1] INFO  o.s.web.servlet.DispatcherServlet - Initializing Servlet 'dispatcherServlet'
2025-11-15 07:14:35 [http-nio-8081-exec-1] INFO  o.s.web.servlet.DispatcherServlet - Completed initialization in 4 ms
2025-11-15 07:14:35 [http-nio-8081-exec-1] WARN  c.p.c.e.ClientesExceptionHandler - uri=/actuator/health;client=0:0:0:0:0:0:0:1
2025-11-15 07:14:35 [http-nio-8081-exec-1] ERROR c.p.c.e.ClientesExceptionHandler - No static resource actuator/health.
2025-11-15 07:14:40 [http-nio-8081-exec-2] WARN  c.p.c.e.ClientesExceptionHandler - uri=/actuator/health;client=0:0:0:0:0:0:0:1
2025-11-15 07:14:40 [http-nio-8081-exec-2] ERROR c.p.c.e.ClientesExceptionHandler - No static resource actuator/health.
2025-11-15 07:14:45 [http-nio-8081-exec-3] WARN  c.p.c.e.ClientesExceptionHandler - uri=/actuator/health;client=0:0:0:0:0:0:0:1
2025-11-15 07:14:45 [http-nio-8081-exec-3] ERROR c.p.c.e.ClientesExceptionHandler - No static resource actuator/health.
2025-11-15 07:14:50 [http-nio-8081-exec-4] WARN  c.p.c.e.ClientesExceptionHandler - uri=/actuator/health;client=0:0:0:0:0:0:0:1
2025-11-15 07:14:50 [http-nio-8081-exec-4] ERROR c.p.c.e.ClientesExceptionHandler - No static resource actuator/health.
2025-11-15 07:14:56 [http-nio-8081-exec-5] WARN  c.p.c.e.ClientesExceptionHandler - uri=/actuator/health;client=0:0:0:0:0:0:0:1
2025-11-15 07:14:56 [http-nio-8081-exec-5] ERROR c.p.c.e.ClientesExceptionHandler - No static resource actuator/health.
2025-11-15 07:15:01 [http-nio-8081-exec-6] WARN  c.p.c.e.ClientesExceptionHandler - uri=/actuator/health;client=0:0:0:0:0:0:0:1
2025-11-15 07:15:01 [http-nio-8081-exec-6] ERROR c.p.c.e.ClientesExceptionHandler - No static resource actuator/health.
2025-11-15 07:15:06 [http-nio-8081-exec-7] WARN  c.p.c.e.ClientesExceptionHandler - uri=/actuator/health;client=0:0:0:0:0:0:0:1
2025-11-15 07:15:06 [http-nio-8081-exec-7] ERROR c.p.c.e.ClientesExceptionHandler - No static resource actuator/health.
